<?xml version="1.0" encoding="UTF-8"?>
<testsuite xmlns:xsi="http://www.w3.org/2001/XMLSchema-instance" xsi:noNamespaceSchemaLocation="https://maven.apache.org/surefire/maven-surefire-plugin/xsd/surefire-test-report-3.0.xsd" version="3.0" name="com.sustar.ecsservice.service.EcsServiceTest" time="19.804" tests="14" errors="0" skipped="0" failures="0">
  <properties>
[...]
</properties>
  <testcase name="getImages_WindowsOnly" classname="com.sustar.ecsservice.service.EcsServiceTest" time="1.992">
    <system-out><![CDATA[
  .   ____          _            __ _ _
 /\\ / ___'_ __ _ _(_)_ __  __ _ \ \ \ \
( ( )\___ | '_ | '_| | '_ \/ _` | \ \ \ \
 \\/  ___)| |_)| | | | | || (_| |  ) ) ) )
  '  |____| .__|_| |_|_| |_\__, | / / / /
 =========|_|==============|___/=/_/_/_/
 :: Spring Boot ::                (v3.2.5)

2026-05-27T18:50:58.534+08:00  INFO 40808 --- [ecs-service] [           main] c.s.ecsservice.service.EcsServiceTest    : Starting EcsServiceTest using Java 21.0.8 with PID 40808 (started by 20847 in C:\Users\20847\Desktop\cloud-platform\ecs-service)
2026-05-27T18:50:58.536+08:00 DEBUG 40808 --- [ecs-service] [           main] c.s.ecsservice.service.EcsServiceTest    : Running with Spring Boot v3.2.5, Spring v6.1.6
2026-05-27T18:50:58.536+08:00  INFO 40808 --- [ecs-service] [           main] c.s.ecsservice.service.EcsServiceTest    : No active profile set, falling back to 1 default profile: "default"
2026-05-27T18:50:59.388+08:00  INFO 40808 --- [ecs-service] [           main] .s.d.r.c.RepositoryConfigurationDelegate : Multiple Spring Data modules found, entering strict repository configuration mode
2026-05-27T18:50:59.391+08:00  INFO 40808 --- [ecs-service] [           main] .s.d.r.c.RepositoryConfigurationDelegate : Bootstrapping Spring Data Redis repositories in DEFAULT mode.
2026-05-27T18:50:59.424+08:00  INFO 40808 --- [ecs-service] [           main] .s.d.r.c.RepositoryConfigurationDelegate : Finished Spring Data repository scanning in 19 ms. Found 0 Redis repository interfaces.
2026-05-27T18:50:59.529+08:00  WARN 40808 --- [ecs-service] [           main] o.m.s.mapper.ClassPathMapperScanner      : Skipping MapperFactoryBean with name 'appMapper' and 'com.sustar.ecsservice.mapper.AppMapper' mapperInterface. Bean already defined with the same name!
2026-05-27T18:50:59.529+08:00  WARN 40808 --- [ecs-service] [           main] o.m.s.mapper.ClassPathMapperScanner      : Skipping MapperFactoryBean with name 'imageMapper' and 'com.sustar.ecsservice.mapper.ImageMapper' mapperInterface. Bean already defined with the same name!
2026-05-27T18:50:59.529+08:00  WARN 40808 --- [ecs-service] [           main] o.m.s.mapper.ClassPathMapperScanner      : Skipping MapperFactoryBean with name 'packageMapper' and 'com.sustar.ecsservice.mapper.PackageMapper' mapperInterface. Bean already defined with the same name!
2026-05-27T18:50:59.530+08:00  WARN 40808 --- [ecs-service] [           main] o.m.s.mapper.ClassPathMapperScanner      : Skipping MapperFactoryBean with name 'regionMapper' and 'com.sustar.ecsservice.mapper.RegionMapper' mapperInterface. Bean already defined with the same name!
2026-05-27T18:50:59.530+08:00  WARN 40808 --- [ecs-service] [           main] o.m.s.mapper.ClassPathMapperScanner      : No MyBatis mapper was found in '[com.sustar.ecsservice.mapper]' package. Please check your configuration.
2026-05-27T18:51:00.127+08:00  WARN 40808 --- [ecs-service] [           main] c.b.m.e.s.MybatisSqlSessionFactoryBean   : Property 'mapperLocations' was specified but matching resources are not found.
 _ _   |_  _ _|_. ___ _ |    _ 
| | |\/|_)(_| | |_\  |_)||_|_\ 
     /               |         
                        3.5.7 
2026-05-27T18:51:00.534+08:00  INFO 40808 --- [ecs-service] [           main] com.zaxxer.hikari.HikariDataSource       : HikariPool-1 - Starting...
2026-05-27T18:51:00.879+08:00  INFO 40808 --- [ecs-service] [           main] com.zaxxer.hikari.pool.HikariPool        : HikariPool-1 - Added connection com.mysql.cj.jdbc.ConnectionImpl@26275b46
2026-05-27T18:51:00.885+08:00  INFO 40808 --- [ecs-service] [           main] com.zaxxer.hikari.HikariDataSource       : HikariPool-1 - Start completed.
2026-05-27T18:51:00.970+08:00  INFO 40808 --- [ecs-service] [           main] c.s.ecsservice.config.EcsConfigDataInit  : ecs_image表创建完成
2026-05-27T18:51:00.978+08:00  INFO 40808 --- [ecs-service] [           main] c.s.ecsservice.config.EcsConfigDataInit  : ecs_app表创建完成
2026-05-27T18:51:00.982+08:00  INFO 40808 --- [ecs-service] [           main] c.s.ecsservice.config.EcsConfigDataInit  : ecs_package表创建完成
2026-05-27T18:51:01.159+08:00 DEBUG 40808 --- [ecs-service] [           main] c.s.e.mapper.ImageMapper.selectList      : ==>  Preparing: SELECT id,image_name,os_category,os_version,description,is_expired,sort_order,is_default,is_free,created_at,updated_at FROM ecs_image
2026-05-27T18:51:01.204+08:00 DEBUG 40808 --- [ecs-service] [           main] c.s.e.mapper.ImageMapper.selectList      : ==> Parameters: 
2026-05-27T18:51:01.269+08:00 DEBUG 40808 --- [ecs-service] [           main] c.s.e.mapper.ImageMapper.selectList      : <==      Total: 2
2026-05-27T18:51:01.277+08:00  INFO 40808 --- [ecs-service] [           main] c.s.ecsservice.config.EcsConfigDataInit  : 镜像表已有数据，跳过初始化
2026-05-27T18:51:01.279+08:00 DEBUG 40808 --- [ecs-service] [           main] c.s.e.mapper.AppMapper.selectList        : ==>  Preparing: SELECT id,app_name,app_code,icon,description,install_time,is_expired,sort_order,created_at,updated_at FROM ecs_app
2026-05-27T18:51:01.280+08:00 DEBUG 40808 --- [ecs-service] [           main] c.s.e.mapper.AppMapper.selectList        : ==> Parameters: 
2026-05-27T18:51:01.284+08:00 DEBUG 40808 --- [ecs-service] [           main] c.s.e.mapper.AppMapper.selectList        : <==      Total: 1
2026-05-27T18:51:01.285+08:00  INFO 40808 --- [ecs-service] [           main] c.s.ecsservice.config.EcsConfigDataInit  : 预装应用表已有数据，跳过初始化
2026-05-27T18:51:01.288+08:00 DEBUG 40808 --- [ecs-service] [           main] c.s.e.mapper.PackageMapper.selectList    : ==>  Preparing: SELECT id,package_name,package_code,description,icon,vcpus,memory,system_disk,bandwidth,price_month,is_recommended,sort_order,is_expired,created_at,updated_at FROM ecs_package
2026-05-27T18:51:01.289+08:00 DEBUG 40808 --- [ecs-service] [           main] c.s.e.mapper.PackageMapper.selectList    : ==> Parameters: 
2026-05-27T18:51:01.295+08:00 DEBUG 40808 --- [ecs-service] [           main] c.s.e.mapper.PackageMapper.selectList    : <==      Total: 3
2026-05-27T18:51:01.297+08:00  INFO 40808 --- [ecs-service] [           main] c.s.ecsservice.config.EcsConfigDataInit  : 推荐套餐表已有数据，跳过初始化
2026-05-27T18:51:01.889+08:00  INFO 40808 --- [ecs-service] [           main] c.s.e.service.impl.EcsConfigServiceImpl  : ECS配置Guava本地缓存初始化完成，过期时间: 5分钟
2026-05-27T18:51:01.894+08:00  INFO 40808 --- [ecs-service] [           main] c.s.e.s.impl.RegionCacheServiceImpl      : Guava本地缓存初始化完成，过期时间: 5分钟
2026-05-27T18:51:02.150+08:00  INFO 40808 --- [ecs-service] [           main] o.s.b.a.w.s.WelcomePageHandlerMapping    : Adding welcome page: class path resource [static/index.html]
2026-05-27T18:51:02.954+08:00  INFO 40808 --- [ecs-service] [           main] c.s.ecsservice.service.EcsServiceTest    : Started EcsServiceTest in 4.79 seconds (process running for 5.618)
2026-05-27T18:51:02.962+08:00 DEBUG 40808 --- [ecs-service] [           main] c.s.e.mapper.RegionMapper.selectCount    : ==>  Preparing: SELECT COUNT( * ) AS total FROM sys_common_region
2026-05-27T18:51:02.962+08:00 DEBUG 40808 --- [ecs-service] [           main] c.s.e.mapper.RegionMapper.selectCount    : ==> Parameters: 
2026-05-27T18:51:02.989+08:00 DEBUG 40808 --- [ecs-service] [           main] c.s.e.mapper.RegionMapper.selectCount    : <==      Total: 1
2026-05-27T18:51:02.989+08:00  INFO 40808 --- [ecs-service] [           main] c.s.ecsservice.config.RegionDataInit     : 地域表已有数据，跳过初始化
2026-05-27T18:51:04.698+08:00  INFO 40808 --- [ecs-service] [           main] c.s.e.service.impl.EcsConfigServiceImpl  : 镜像列表缓存未命中，从数据库加载, osCategory: windows
2026-05-27T18:51:04.700+08:00 DEBUG 40808 --- [ecs-service] [           main] c.s.e.m.I.selectActiveImagesByCategory   : ==>  Preparing: SELECT * FROM ecs_image WHERE is_expired = 0 AND os_category = ? ORDER BY sort_order ASC
2026-05-27T18:51:04.703+08:00 DEBUG 40808 --- [ecs-service] [           main] c.s.e.m.I.selectActiveImagesByCategory   : ==> Parameters: windows(String)
2026-05-27T18:51:04.706+08:00 DEBUG 40808 --- [ecs-service] [           main] c.s.e.m.I.selectActiveImagesByCategory   : <==      Total: 1
2026-05-27T18:51:04.991+08:00  INFO 40808 --- [ecs-service] [           main] com.zaxxer.hikari.HikariDataSource       : HikariPool-1 - Shutdown initiated...
2026-05-27T18:51:04.996+08:00  INFO 40808 --- [ecs-service] [           main] com.zaxxer.hikari.HikariDataSource       : HikariPool-1 - Shutdown completed.
]]></system-out>
    <system-err><![CDATA[WARNING: A Java agent has been loaded dynamically (C:\Users\20847\.m2\repository\net\bytebuddy\byte-buddy-agent\1.14.13\byte-buddy-agent-1.14.13.jar)
WARNING: If a serviceability tool is in use, please run with -XX:+EnableDynamicAgentLoading to hide this warning
WARNING: If a serviceability tool is not in use, please run with -Djdk.instrument.traceUsage for more information
WARNING: Dynamic loading of agents will be disallowed by default in a future release
]]></system-err>
  </testcase>
  <testcase name="getRegionAreaList_ContainsChinaRegion" classname="com.sustar.ecsservice.service.EcsServiceTest" time="0.678">
    <system-out><![CDATA[
  .   ____          _            __ _ _
 /\\ / ___'_ __ _ _(_)_ __  __ _ \ \ \ \
( ( )\___ | '_ | '_| | '_ \/ _` | \ \ \ \
 \\/  ___)| |_)| | | | | || (_| |  ) ) ) )
  '  |____| .__|_| |_|_| |_\__, | / / / /
 =========|_|==============|___/=/_/_/_/
 :: Spring Boot ::                (v3.2.5)

2026-05-27T18:51:05.025+08:00  INFO 40808 --- [ecs-service] [           main] c.s.ecsservice.service.EcsServiceTest    : Starting EcsServiceTest using Java 21.0.8 with PID 40808 (started by 20847 in C:\Users\20847\Desktop\cloud-platform\ecs-service)
2026-05-27T18:51:05.025+08:00 DEBUG 40808 --- [ecs-service] [           main] c.s.ecsservice.service.EcsServiceTest    : Running with Spring Boot v3.2.5, Spring v6.1.6
2026-05-27T18:51:05.025+08:00  INFO 40808 --- [ecs-service] [           main] c.s.ecsservice.service.EcsServiceTest    : No active profile set, falling back to 1 default profile: "default"
2026-05-27T18:51:05.144+08:00  INFO 40808 --- [ecs-service] [           main] .s.d.r.c.RepositoryConfigurationDelegate : Multiple Spring Data modules found, entering strict repository configuration mode
2026-05-27T18:51:05.144+08:00  INFO 40808 --- [ecs-service] [           main] .s.d.r.c.RepositoryConfigurationDelegate : Bootstrapping Spring Data Redis repositories in DEFAULT mode.
2026-05-27T18:51:05.151+08:00  INFO 40808 --- [ecs-service] [           main] .s.d.r.c.RepositoryConfigurationDelegate : Finished Spring Data repository scanning in 5 ms. Found 0 Redis repository interfaces.
2026-05-27T18:51:05.168+08:00  WARN 40808 --- [ecs-service] [           main] o.m.s.mapper.ClassPathMapperScanner      : Skipping MapperFactoryBean with name 'appMapper' and 'com.sustar.ecsservice.mapper.AppMapper' mapperInterface. Bean already defined with the same name!
2026-05-27T18:51:05.169+08:00  WARN 40808 --- [ecs-service] [           main] o.m.s.mapper.ClassPathMapperScanner      : Skipping MapperFactoryBean with name 'imageMapper' and 'com.sustar.ecsservice.mapper.ImageMapper' mapperInterface. Bean already defined with the same name!
2026-05-27T18:51:05.169+08:00  WARN 40808 --- [ecs-service] [           main] o.m.s.mapper.ClassPathMapperScanner      : Skipping MapperFactoryBean with name 'packageMapper' and 'com.sustar.ecsservice.mapper.PackageMapper' mapperInterface. Bean already defined with the same name!
2026-05-27T18:51:05.169+08:00  WARN 40808 --- [ecs-service] [           main] o.m.s.mapper.ClassPathMapperScanner      : Skipping MapperFactoryBean with name 'regionMapper' and 'com.sustar.ecsservice.mapper.RegionMapper' mapperInterface. Bean already defined with the same name!
2026-05-27T18:51:05.169+08:00  WARN 40808 --- [ecs-service] [           main] o.m.s.mapper.ClassPathMapperScanner      : No MyBatis mapper was found in '[com.sustar.ecsservice.mapper]' package. Please check your configuration.
2026-05-27T18:51:05.203+08:00  WARN 40808 --- [ecs-service] [           main] c.b.m.e.s.MybatisSqlSessionFactoryBean   : Property 'mapperLocations' was specified but matching resources are not found.
 _ _   |_  _ _|_. ___ _ |    _ 
| | |\/|_)(_| | |_\  |_)||_|_\ 
     /               |         
                        3.5.7 
2026-05-27T18:51:05.283+08:00  INFO 40808 --- [ecs-service] [           main] com.zaxxer.hikari.HikariDataSource       : HikariPool-2 - Starting...
2026-05-27T18:51:05.287+08:00  INFO 40808 --- [ecs-service] [           main] com.zaxxer.hikari.pool.HikariPool        : HikariPool-2 - Added connection com.mysql.cj.jdbc.ConnectionImpl@65013d71
2026-05-27T18:51:05.287+08:00  INFO 40808 --- [ecs-service] [           main] com.zaxxer.hikari.HikariDataSource       : HikariPool-2 - Start completed.
2026-05-27T18:51:05.294+08:00  INFO 40808 --- [ecs-service] [           main] c.s.ecsservice.config.EcsConfigDataInit  : ecs_image表创建完成
2026-05-27T18:51:05.295+08:00  INFO 40808 --- [ecs-service] [           main] c.s.ecsservice.config.EcsConfigDataInit  : ecs_app表创建完成
2026-05-27T18:51:05.298+08:00  INFO 40808 --- [ecs-service] [           main] c.s.ecsservice.config.EcsConfigDataInit  : ecs_package表创建完成
2026-05-27T18:51:05.299+08:00 DEBUG 40808 --- [ecs-service] [           main] c.s.e.mapper.ImageMapper.selectList      : ==>  Preparing: SELECT id,image_name,os_category,os_version,description,is_expired,sort_order,is_default,is_free,created_at,updated_at FROM ecs_image
2026-05-27T18:51:05.299+08:00 DEBUG 40808 --- [ecs-service] [           main] c.s.e.mapper.ImageMapper.selectList      : ==> Parameters: 
2026-05-27T18:51:05.300+08:00 DEBUG 40808 --- [ecs-service] [           main] c.s.e.mapper.ImageMapper.selectList      : <==      Total: 2
2026-05-27T18:51:05.300+08:00  INFO 40808 --- [ecs-service] [           main] c.s.ecsservice.config.EcsConfigDataInit  : 镜像表已有数据，跳过初始化
2026-05-27T18:51:05.300+08:00 DEBUG 40808 --- [ecs-service] [           main] c.s.e.mapper.AppMapper.selectList        : ==>  Preparing: SELECT id,app_name,app_code,icon,description,install_time,is_expired,sort_order,created_at,updated_at FROM ecs_app
2026-05-27T18:51:05.300+08:00 DEBUG 40808 --- [ecs-service] [           main] c.s.e.mapper.AppMapper.selectList        : ==> Parameters: 
2026-05-27T18:51:05.301+08:00 DEBUG 40808 --- [ecs-service] [           main] c.s.e.mapper.AppMapper.selectList        : <==      Total: 1
2026-05-27T18:51:05.301+08:00  INFO 40808 --- [ecs-service] [           main] c.s.ecsservice.config.EcsConfigDataInit  : 预装应用表已有数据，跳过初始化
2026-05-27T18:51:05.301+08:00 DEBUG 40808 --- [ecs-service] [           main] c.s.e.mapper.PackageMapper.selectList    : ==>  Preparing: SELECT id,package_name,package_code,description,icon,vcpus,memory,system_disk,bandwidth,price_month,is_recommended,sort_order,is_expired,created_at,updated_at FROM ecs_package
2026-05-27T18:51:05.301+08:00 DEBUG 40808 --- [ecs-service] [           main] c.s.e.mapper.PackageMapper.selectList    : ==> Parameters: 
2026-05-27T18:51:05.302+08:00 DEBUG 40808 --- [ecs-service] [           main] c.s.e.mapper.PackageMapper.selectList    : <==      Total: 3
2026-05-27T18:51:05.302+08:00  INFO 40808 --- [ecs-service] [           main] c.s.ecsservice.config.EcsConfigDataInit  : 推荐套餐表已有数据，跳过初始化
2026-05-27T18:51:05.321+08:00  INFO 40808 --- [ecs-service] [           main] c.s.e.service.impl.EcsConfigServiceImpl  : ECS配置Guava本地缓存初始化完成，过期时间: 5分钟
2026-05-27T18:51:05.323+08:00  INFO 40808 --- [ecs-service] [           main] c.s.e.s.impl.RegionCacheServiceImpl      : Guava本地缓存初始化完成，过期时间: 5分钟
2026-05-27T18:51:05.341+08:00  INFO 40808 --- [ecs-service] [           main] o.s.b.a.w.s.WelcomePageHandlerMapping    : Adding welcome page: class path resource [static/index.html]
2026-05-27T18:51:05.407+08:00  INFO 40808 --- [ecs-service] [           main] c.s.ecsservice.service.EcsServiceTest    : Started EcsServiceTest in 0.403 seconds (process running for 8.071)
2026-05-27T18:51:05.407+08:00 DEBUG 40808 --- [ecs-service] [           main] c.s.e.mapper.RegionMapper.selectCount    : ==>  Preparing: SELECT COUNT( * ) AS total FROM sys_common_region
2026-05-27T18:51:05.407+08:00 DEBUG 40808 --- [ecs-service] [           main] c.s.e.mapper.RegionMapper.selectCount    : ==> Parameters: 
2026-05-27T18:51:05.409+08:00 DEBUG 40808 --- [ecs-service] [           main] c.s.e.mapper.RegionMapper.selectCount    : <==      Total: 1
2026-05-27T18:51:05.409+08:00  INFO 40808 --- [ecs-service] [           main] c.s.ecsservice.config.RegionDataInit     : 地域表已有数据，跳过初始化
2026-05-27T18:51:05.942+08:00 DEBUG 40808 --- [ecs-service] [           main] c.s.e.s.impl.RegionCacheServiceImpl      : 地域信息列表Redis缓存命中
2026-05-27T18:51:06.088+08:00  INFO 40808 --- [ecs-service] [           main] com.zaxxer.hikari.HikariDataSource       : HikariPool-2 - Shutdown initiated...
2026-05-27T18:51:06.089+08:00  INFO 40808 --- [ecs-service] [           main] com.zaxxer.hikari.HikariDataSource       : HikariPool-2 - Shutdown completed.
]]></system-out>
  </testcase>
  <testcase name="getImages_LinuxOnly" classname="com.sustar.ecsservice.service.EcsServiceTest" time="0.851">
    <system-out><![CDATA[
  .   ____          _            __ _ _
 /\\ / ___'_ __ _ _(_)_ __  __ _ \ \ \ \
( ( )\___ | '_ | '_| | '_ \/ _` | \ \ \ \
 \\/  ___)| |_)| | | | | || (_| |  ) ) ) )
  '  |____| .__|_| |_|_| |_\__, | / / / /
 =========|_|==============|___/=/_/_/_/
 :: Spring Boot ::                (v3.2.5)

2026-05-27T18:51:06.108+08:00  INFO 40808 --- [ecs-service] [           main] c.s.ecsservice.service.EcsServiceTest    : Starting EcsServiceTest using Java 21.0.8 with PID 40808 (started by 20847 in C:\Users\20847\Desktop\cloud-platform\ecs-service)
2026-05-27T18:51:06.108+08:00 DEBUG 40808 --- [ecs-service] [           main] c.s.ecsservice.service.EcsServiceTest    : Running with Spring Boot v3.2.5, Spring v6.1.6
2026-05-27T18:51:06.109+08:00  INFO 40808 --- [ecs-service] [           main] c.s.ecsservice.service.EcsServiceTest    : No active profile set, falling back to 1 default profile: "default"
2026-05-27T18:51:06.255+08:00  INFO 40808 --- [ecs-service] [           main] .s.d.r.c.RepositoryConfigurationDelegate : Multiple Spring Data modules found, entering strict repository configuration mode
2026-05-27T18:51:06.256+08:00  INFO 40808 --- [ecs-service] [           main] .s.d.r.c.RepositoryConfigurationDelegate : Bootstrapping Spring Data Redis repositories in DEFAULT mode.
2026-05-27T18:51:06.260+08:00  INFO 40808 --- [ecs-service] [           main] .s.d.r.c.RepositoryConfigurationDelegate : Finished Spring Data repository scanning in 5 ms. Found 0 Redis repository interfaces.
2026-05-27T18:51:06.278+08:00  WARN 40808 --- [ecs-service] [           main] o.m.s.mapper.ClassPathMapperScanner      : Skipping MapperFactoryBean with name 'appMapper' and 'com.sustar.ecsservice.mapper.AppMapper' mapperInterface. Bean already defined with the same name!
2026-05-27T18:51:06.278+08:00  WARN 40808 --- [ecs-service] [           main] o.m.s.mapper.ClassPathMapperScanner      : Skipping MapperFactoryBean with name 'imageMapper' and 'com.sustar.ecsservice.mapper.ImageMapper' mapperInterface. Bean already defined with the same name!
2026-05-27T18:51:06.278+08:00  WARN 40808 --- [ecs-service] [           main] o.m.s.mapper.ClassPathMapperScanner      : Skipping MapperFactoryBean with name 'packageMapper' and 'com.sustar.ecsservice.mapper.PackageMapper' mapperInterface. Bean already defined with the same name!
2026-05-27T18:51:06.278+08:00  WARN 40808 --- [ecs-service] [           main] o.m.s.mapper.ClassPathMapperScanner      : Skipping MapperFactoryBean with name 'regionMapper' and 'com.sustar.ecsservice.mapper.RegionMapper' mapperInterface. Bean already defined with the same name!
2026-05-27T18:51:06.278+08:00  WARN 40808 --- [ecs-service] [           main] o.m.s.mapper.ClassPathMapperScanner      : No MyBatis mapper was found in '[com.sustar.ecsservice.mapper]' package. Please check your configuration.
2026-05-27T18:51:06.301+08:00  WARN 40808 --- [ecs-service] [           main] c.b.m.e.s.MybatisSqlSessionFactoryBean   : Property 'mapperLocations' was specified but matching resources are not found.
 _ _   |_  _ _|_. ___ _ |    _ 
| | |\/|_)(_| | |_\  |_)||_|_\ 
     /               |         
                        3.5.7 
2026-05-27T18:51:06.367+08:00  INFO 40808 --- [ecs-service] [           main] com.zaxxer.hikari.HikariDataSource       : HikariPool-3 - Starting...
2026-05-27T18:51:06.371+08:00  INFO 40808 --- [ecs-service] [           main] com.zaxxer.hikari.pool.HikariPool        : HikariPool-3 - Added connection com.mysql.cj.jdbc.ConnectionImpl@20711b02
2026-05-27T18:51:06.372+08:00  INFO 40808 --- [ecs-service] [           main] com.zaxxer.hikari.HikariDataSource       : HikariPool-3 - Start completed.
2026-05-27T18:51:06.376+08:00  INFO 40808 --- [ecs-service] [           main] c.s.ecsservice.config.EcsConfigDataInit  : ecs_image表创建完成
2026-05-27T18:51:06.379+08:00  INFO 40808 --- [ecs-service] [           main] c.s.ecsservice.config.EcsConfigDataInit  : ecs_app表创建完成
2026-05-27T18:51:06.381+08:00  INFO 40808 --- [ecs-service] [           main] c.s.ecsservice.config.EcsConfigDataInit  : ecs_package表创建完成
2026-05-27T18:51:06.381+08:00 DEBUG 40808 --- [ecs-service] [           main] c.s.e.mapper.ImageMapper.selectList      : ==>  Preparing: SELECT id,image_name,os_category,os_version,description,is_expired,sort_order,is_default,is_free,created_at,updated_at FROM ecs_image
2026-05-27T18:51:06.381+08:00 DEBUG 40808 --- [ecs-service] [           main] c.s.e.mapper.ImageMapper.selectList      : ==> Parameters: 
2026-05-27T18:51:06.382+08:00 DEBUG 40808 --- [ecs-service] [           main] c.s.e.mapper.ImageMapper.selectList      : <==      Total: 2
2026-05-27T18:51:06.384+08:00  INFO 40808 --- [ecs-service] [           main] c.s.ecsservice.config.EcsConfigDataInit  : 镜像表已有数据，跳过初始化
2026-05-27T18:51:06.384+08:00 DEBUG 40808 --- [ecs-service] [           main] c.s.e.mapper.AppMapper.selectList        : ==>  Preparing: SELECT id,app_name,app_code,icon,description,install_time,is_expired,sort_order,created_at,updated_at FROM ecs_app
2026-05-27T18:51:06.384+08:00 DEBUG 40808 --- [ecs-service] [           main] c.s.e.mapper.AppMapper.selectList        : ==> Parameters: 
2026-05-27T18:51:06.385+08:00 DEBUG 40808 --- [ecs-service] [           main] c.s.e.mapper.AppMapper.selectList        : <==      Total: 1
2026-05-27T18:51:06.385+08:00  INFO 40808 --- [ecs-service] [           main] c.s.ecsservice.config.EcsConfigDataInit  : 预装应用表已有数据，跳过初始化
2026-05-27T18:51:06.386+08:00 DEBUG 40808 --- [ecs-service] [           main] c.s.e.mapper.PackageMapper.selectList    : ==>  Preparing: SELECT id,package_name,package_code,description,icon,vcpus,memory,system_disk,bandwidth,price_month,is_recommended,sort_order,is_expired,created_at,updated_at FROM ecs_package
2026-05-27T18:51:06.386+08:00 DEBUG 40808 --- [ecs-service] [           main] c.s.e.mapper.PackageMapper.selectList    : ==> Parameters: 
2026-05-27T18:51:06.387+08:00 DEBUG 40808 --- [ecs-service] [           main] c.s.e.mapper.PackageMapper.selectList    : <==      Total: 3
2026-05-27T18:51:06.387+08:00  INFO 40808 --- [ecs-service] [           main] c.s.ecsservice.config.EcsConfigDataInit  : 推荐套餐表已有数据，跳过初始化
2026-05-27T18:51:06.408+08:00  INFO 40808 --- [ecs-service] [           main] c.s.e.service.impl.EcsConfigServiceImpl  : ECS配置Guava本地缓存初始化完成，过期时间: 5分钟
2026-05-27T18:51:06.409+08:00  INFO 40808 --- [ecs-service] [           main] c.s.e.s.impl.RegionCacheServiceImpl      : Guava本地缓存初始化完成，过期时间: 5分钟
2026-05-27T18:51:06.423+08:00  INFO 40808 --- [ecs-service] [           main] o.s.b.a.w.s.WelcomePageHandlerMapping    : Adding welcome page: class path resource [static/index.html]
2026-05-27T18:51:06.491+08:00  INFO 40808 --- [ecs-service] [           main] c.s.ecsservice.service.EcsServiceTest    : Started EcsServiceTest in 0.4 seconds (process running for 9.155)
2026-05-27T18:51:06.493+08:00 DEBUG 40808 --- [ecs-service] [           main] c.s.e.mapper.RegionMapper.selectCount    : ==>  Preparing: SELECT COUNT( * ) AS total FROM sys_common_region
2026-05-27T18:51:06.493+08:00 DEBUG 40808 --- [ecs-service] [           main] c.s.e.mapper.RegionMapper.selectCount    : ==> Parameters: 
2026-05-27T18:51:06.498+08:00 DEBUG 40808 --- [ecs-service] [           main] c.s.e.mapper.RegionMapper.selectCount    : <==      Total: 1
2026-05-27T18:51:06.498+08:00  INFO 40808 --- [ecs-service] [           main] c.s.ecsservice.config.RegionDataInit     : 地域表已有数据，跳过初始化
2026-05-27T18:51:07.215+08:00  INFO 40808 --- [ecs-service] [           main] c.s.e.service.impl.EcsConfigServiceImpl  : 镜像列表缓存未命中，从数据库加载, osCategory: linux
2026-05-27T18:51:07.216+08:00 DEBUG 40808 --- [ecs-service] [           main] c.s.e.m.I.selectActiveImagesByCategory   : ==>  Preparing: SELECT * FROM ecs_image WHERE is_expired = 0 AND os_category = ? ORDER BY sort_order ASC
2026-05-27T18:51:07.216+08:00 DEBUG 40808 --- [ecs-service] [           main] c.s.e.m.I.selectActiveImagesByCategory   : ==> Parameters: linux(String)
2026-05-27T18:51:07.217+08:00 DEBUG 40808 --- [ecs-service] [           main] c.s.e.m.I.selectActiveImagesByCategory   : <==      Total: 1
2026-05-27T18:51:07.348+08:00  INFO 40808 --- [ecs-service] [           main] com.zaxxer.hikari.HikariDataSource       : HikariPool-3 - Shutdown initiated...
2026-05-27T18:51:07.351+08:00  INFO 40808 --- [ecs-service] [           main] com.zaxxer.hikari.HikariDataSource       : HikariPool-3 - Shutdown completed.
]]></system-out>
  </testcase>
  <testcase name="getPackages_Success" classname="com.sustar.ecsservice.service.EcsServiceTest" time="0.715">
    <system-out><![CDATA[
  .   ____          _            __ _ _
 /\\ / ___'_ __ _ _(_)_ __  __ _ \ \ \ \
( ( )\___ | '_ | '_| | '_ \/ _` | \ \ \ \
 \\/  ___)| |_)| | | | | || (_| |  ) ) ) )
  '  |____| .__|_| |_|_| |_\__, | / / / /
 =========|_|==============|___/=/_/_/_/
 :: Spring Boot ::                (v3.2.5)

2026-05-27T18:51:07.376+08:00  INFO 40808 --- [ecs-service] [           main] c.s.ecsservice.service.EcsServiceTest    : Starting EcsServiceTest using Java 21.0.8 with PID 40808 (started by 20847 in C:\Users\20847\Desktop\cloud-platform\ecs-service)
2026-05-27T18:51:07.376+08:00 DEBUG 40808 --- [ecs-service] [           main] c.s.ecsservice.service.EcsServiceTest    : Running with Spring Boot v3.2.5, Spring v6.1.6
2026-05-27T18:51:07.376+08:00  INFO 40808 --- [ecs-service] [           main] c.s.ecsservice.service.EcsServiceTest    : No active profile set, falling back to 1 default profile: "default"
2026-05-27T18:51:07.494+08:00  INFO 40808 --- [ecs-service] [           main] .s.d.r.c.RepositoryConfigurationDelegate : Multiple Spring Data modules found, entering strict repository configuration mode
2026-05-27T18:51:07.494+08:00  INFO 40808 --- [ecs-service] [           main] .s.d.r.c.RepositoryConfigurationDelegate : Bootstrapping Spring Data Redis repositories in DEFAULT mode.
2026-05-27T18:51:07.500+08:00  INFO 40808 --- [ecs-service] [           main] .s.d.r.c.RepositoryConfigurationDelegate : Finished Spring Data repository scanning in 5 ms. Found 0 Redis repository interfaces.
2026-05-27T18:51:07.516+08:00  WARN 40808 --- [ecs-service] [           main] o.m.s.mapper.ClassPathMapperScanner      : Skipping MapperFactoryBean with name 'appMapper' and 'com.sustar.ecsservice.mapper.AppMapper' mapperInterface. Bean already defined with the same name!
2026-05-27T18:51:07.516+08:00  WARN 40808 --- [ecs-service] [           main] o.m.s.mapper.ClassPathMapperScanner      : Skipping MapperFactoryBean with name 'imageMapper' and 'com.sustar.ecsservice.mapper.ImageMapper' mapperInterface. Bean already defined with the same name!
2026-05-27T18:51:07.516+08:00  WARN 40808 --- [ecs-service] [           main] o.m.s.mapper.ClassPathMapperScanner      : Skipping MapperFactoryBean with name 'packageMapper' and 'com.sustar.ecsservice.mapper.PackageMapper' mapperInterface. Bean already defined with the same name!
2026-05-27T18:51:07.516+08:00  WARN 40808 --- [ecs-service] [           main] o.m.s.mapper.ClassPathMapperScanner      : Skipping MapperFactoryBean with name 'regionMapper' and 'com.sustar.ecsservice.mapper.RegionMapper' mapperInterface. Bean already defined with the same name!
2026-05-27T18:51:07.516+08:00  WARN 40808 --- [ecs-service] [           main] o.m.s.mapper.ClassPathMapperScanner      : No MyBatis mapper was found in '[com.sustar.ecsservice.mapper]' package. Please check your configuration.
2026-05-27T18:51:07.568+08:00  WARN 40808 --- [ecs-service] [           main] c.b.m.e.s.MybatisSqlSessionFactoryBean   : Property 'mapperLocations' was specified but matching resources are not found.
 _ _   |_  _ _|_. ___ _ |    _ 
| | |\/|_)(_| | |_\  |_)||_|_\ 
     /               |         
                        3.5.7 
2026-05-27T18:51:07.641+08:00  INFO 40808 --- [ecs-service] [           main] com.zaxxer.hikari.HikariDataSource       : HikariPool-4 - Starting...
2026-05-27T18:51:07.645+08:00  INFO 40808 --- [ecs-service] [           main] com.zaxxer.hikari.pool.HikariPool        : HikariPool-4 - Added connection com.mysql.cj.jdbc.ConnectionImpl@1368ed98
2026-05-27T18:51:07.645+08:00  INFO 40808 --- [ecs-service] [           main] com.zaxxer.hikari.HikariDataSource       : HikariPool-4 - Start completed.
2026-05-27T18:51:07.648+08:00  INFO 40808 --- [ecs-service] [           main] c.s.ecsservice.config.EcsConfigDataInit  : ecs_image表创建完成
2026-05-27T18:51:07.650+08:00  INFO 40808 --- [ecs-service] [           main] c.s.ecsservice.config.EcsConfigDataInit  : ecs_app表创建完成
2026-05-27T18:51:07.653+08:00  INFO 40808 --- [ecs-service] [           main] c.s.ecsservice.config.EcsConfigDataInit  : ecs_package表创建完成
2026-05-27T18:51:07.653+08:00 DEBUG 40808 --- [ecs-service] [           main] c.s.e.mapper.ImageMapper.selectList      : ==>  Preparing: SELECT id,image_name,os_category,os_version,description,is_expired,sort_order,is_default,is_free,created_at,updated_at FROM ecs_image
2026-05-27T18:51:07.654+08:00 DEBUG 40808 --- [ecs-service] [           main] c.s.e.mapper.ImageMapper.selectList      : ==> Parameters: 
2026-05-27T18:51:07.655+08:00 DEBUG 40808 --- [ecs-service] [           main] c.s.e.mapper.ImageMapper.selectList      : <==      Total: 2
2026-05-27T18:51:07.656+08:00  INFO 40808 --- [ecs-service] [           main] c.s.ecsservice.config.EcsConfigDataInit  : 镜像表已有数据，跳过初始化
2026-05-27T18:51:07.656+08:00 DEBUG 40808 --- [ecs-service] [           main] c.s.e.mapper.AppMapper.selectList        : ==>  Preparing: SELECT id,app_name,app_code,icon,description,install_time,is_expired,sort_order,created_at,updated_at FROM ecs_app
2026-05-27T18:51:07.656+08:00 DEBUG 40808 --- [ecs-service] [           main] c.s.e.mapper.AppMapper.selectList        : ==> Parameters: 
2026-05-27T18:51:07.658+08:00 DEBUG 40808 --- [ecs-service] [           main] c.s.e.mapper.AppMapper.selectList        : <==      Total: 1
2026-05-27T18:51:07.658+08:00  INFO 40808 --- [ecs-service] [           main] c.s.ecsservice.config.EcsConfigDataInit  : 预装应用表已有数据，跳过初始化
2026-05-27T18:51:07.658+08:00 DEBUG 40808 --- [ecs-service] [           main] c.s.e.mapper.PackageMapper.selectList    : ==>  Preparing: SELECT id,package_name,package_code,description,icon,vcpus,memory,system_disk,bandwidth,price_month,is_recommended,sort_order,is_expired,created_at,updated_at FROM ecs_package
2026-05-27T18:51:07.659+08:00 DEBUG 40808 --- [ecs-service] [           main] c.s.e.mapper.PackageMapper.selectList    : ==> Parameters: 
2026-05-27T18:51:07.660+08:00 DEBUG 40808 --- [ecs-service] [           main] c.s.e.mapper.PackageMapper.selectList    : <==      Total: 3
2026-05-27T18:51:07.660+08:00  INFO 40808 --- [ecs-service] [           main] c.s.ecsservice.config.EcsConfigDataInit  : 推荐套餐表已有数据，跳过初始化
2026-05-27T18:51:07.684+08:00  INFO 40808 --- [ecs-service] [           main] c.s.e.service.impl.EcsConfigServiceImpl  : ECS配置Guava本地缓存初始化完成，过期时间: 5分钟
2026-05-27T18:51:07.685+08:00  INFO 40808 --- [ecs-service] [           main] c.s.e.s.impl.RegionCacheServiceImpl      : Guava本地缓存初始化完成，过期时间: 5分钟
2026-05-27T18:51:07.702+08:00  INFO 40808 --- [ecs-service] [           main] o.s.b.a.w.s.WelcomePageHandlerMapping    : Adding welcome page: class path resource [static/index.html]
2026-05-27T18:51:07.769+08:00  INFO 40808 --- [ecs-service] [           main] c.s.ecsservice.service.EcsServiceTest    : Started EcsServiceTest in 0.417 seconds (process running for 10.434)
2026-05-27T18:51:07.771+08:00 DEBUG 40808 --- [ecs-service] [           main] c.s.e.mapper.RegionMapper.selectCount    : ==>  Preparing: SELECT COUNT( * ) AS total FROM sys_common_region
2026-05-27T18:51:07.772+08:00 DEBUG 40808 --- [ecs-service] [           main] c.s.e.mapper.RegionMapper.selectCount    : ==> Parameters: 
2026-05-27T18:51:07.774+08:00 DEBUG 40808 --- [ecs-service] [           main] c.s.e.mapper.RegionMapper.selectCount    : <==      Total: 1
2026-05-27T18:51:07.774+08:00  INFO 40808 --- [ecs-service] [           main] c.s.ecsservice.config.RegionDataInit     : 地域表已有数据，跳过初始化
2026-05-27T18:51:08.362+08:00 DEBUG 40808 --- [ecs-service] [           main] c.s.e.service.impl.EcsConfigServiceImpl  : 推荐套餐列表Redis缓存命中, packageCode: null
2026-05-27T18:51:08.488+08:00  INFO 40808 --- [ecs-service] [           main] com.zaxxer.hikari.HikariDataSource       : HikariPool-4 - Shutdown initiated...
2026-05-27T18:51:08.490+08:00  INFO 40808 --- [ecs-service] [           main] com.zaxxer.hikari.HikariDataSource       : HikariPool-4 - Shutdown completed.
]]></system-out>
  </testcase>
  <testcase name="refreshCache_Success" classname="com.sustar.ecsservice.service.EcsServiceTest" time="0.682">
    <system-out><![CDATA[
  .   ____          _            __ _ _
 /\\ / ___'_ __ _ _(_)_ __  __ _ \ \ \ \
( ( )\___ | '_ | '_| | '_ \/ _` | \ \ \ \
 \\/  ___)| |_)| | | | | || (_| |  ) ) ) )
  '  |____| .__|_| |_|_| |_\__, | / / / /
 =========|_|==============|___/=/_/_/_/
 :: Spring Boot ::                (v3.2.5)

2026-05-27T18:51:08.507+08:00  INFO 40808 --- [ecs-service] [           main] c.s.ecsservice.service.EcsServiceTest    : Starting EcsServiceTest using Java 21.0.8 with PID 40808 (started by 20847 in C:\Users\20847\Desktop\cloud-platform\ecs-service)
2026-05-27T18:51:08.508+08:00 DEBUG 40808 --- [ecs-service] [           main] c.s.ecsservice.service.EcsServiceTest    : Running with Spring Boot v3.2.5, Spring v6.1.6
2026-05-27T18:51:08.508+08:00  INFO 40808 --- [ecs-service] [           main] c.s.ecsservice.service.EcsServiceTest    : No active profile set, falling back to 1 default profile: "default"
2026-05-27T18:51:08.623+08:00  INFO 40808 --- [ecs-service] [           main] .s.d.r.c.RepositoryConfigurationDelegate : Multiple Spring Data modules found, entering strict repository configuration mode
2026-05-27T18:51:08.624+08:00  INFO 40808 --- [ecs-service] [           main] .s.d.r.c.RepositoryConfigurationDelegate : Bootstrapping Spring Data Redis repositories in DEFAULT mode.
2026-05-27T18:51:08.627+08:00  INFO 40808 --- [ecs-service] [           main] .s.d.r.c.RepositoryConfigurationDelegate : Finished Spring Data repository scanning in 4 ms. Found 0 Redis repository interfaces.
2026-05-27T18:51:08.639+08:00  WARN 40808 --- [ecs-service] [           main] o.m.s.mapper.ClassPathMapperScanner      : Skipping MapperFactoryBean with name 'appMapper' and 'com.sustar.ecsservice.mapper.AppMapper' mapperInterface. Bean already defined with the same name!
2026-05-27T18:51:08.639+08:00  WARN 40808 --- [ecs-service] [           main] o.m.s.mapper.ClassPathMapperScanner      : Skipping MapperFactoryBean with name 'imageMapper' and 'com.sustar.ecsservice.mapper.ImageMapper' mapperInterface. Bean already defined with the same name!
2026-05-27T18:51:08.639+08:00  WARN 40808 --- [ecs-service] [           main] o.m.s.mapper.ClassPathMapperScanner      : Skipping MapperFactoryBean with name 'packageMapper' and 'com.sustar.ecsservice.mapper.PackageMapper' mapperInterface. Bean already defined with the same name!
2026-05-27T18:51:08.639+08:00  WARN 40808 --- [ecs-service] [           main] o.m.s.mapper.ClassPathMapperScanner      : Skipping MapperFactoryBean with name 'regionMapper' and 'com.sustar.ecsservice.mapper.RegionMapper' mapperInterface. Bean already defined with the same name!
2026-05-27T18:51:08.639+08:00  WARN 40808 --- [ecs-service] [           main] o.m.s.mapper.ClassPathMapperScanner      : No MyBatis mapper was found in '[com.sustar.ecsservice.mapper]' package. Please check your configuration.
2026-05-27T18:51:08.665+08:00  WARN 40808 --- [ecs-service] [           main] c.b.m.e.s.MybatisSqlSessionFactoryBean   : Property 'mapperLocations' was specified but matching resources are not found.
 _ _   |_  _ _|_. ___ _ |    _ 
| | |\/|_)(_| | |_\  |_)||_|_\ 
     /               |         
                        3.5.7 
2026-05-27T18:51:08.728+08:00  INFO 40808 --- [ecs-service] [           main] com.zaxxer.hikari.HikariDataSource       : HikariPool-5 - Starting...
2026-05-27T18:51:08.732+08:00  INFO 40808 --- [ecs-service] [           main] com.zaxxer.hikari.pool.HikariPool        : HikariPool-5 - Added connection com.mysql.cj.jdbc.ConnectionImpl@1a2d9177
2026-05-27T18:51:08.732+08:00  INFO 40808 --- [ecs-service] [           main] com.zaxxer.hikari.HikariDataSource       : HikariPool-5 - Start completed.
2026-05-27T18:51:08.738+08:00  INFO 40808 --- [ecs-service] [           main] c.s.ecsservice.config.EcsConfigDataInit  : ecs_image表创建完成
2026-05-27T18:51:08.739+08:00  INFO 40808 --- [ecs-service] [           main] c.s.ecsservice.config.EcsConfigDataInit  : ecs_app表创建完成
2026-05-27T18:51:08.741+08:00  INFO 40808 --- [ecs-service] [           main] c.s.ecsservice.config.EcsConfigDataInit  : ecs_package表创建完成
2026-05-27T18:51:08.741+08:00 DEBUG 40808 --- [ecs-service] [           main] c.s.e.mapper.ImageMapper.selectList      : ==>  Preparing: SELECT id,image_name,os_category,os_version,description,is_expired,sort_order,is_default,is_free,created_at,updated_at FROM ecs_image
2026-05-27T18:51:08.741+08:00 DEBUG 40808 --- [ecs-service] [           main] c.s.e.mapper.ImageMapper.selectList      : ==> Parameters: 
2026-05-27T18:51:08.742+08:00 DEBUG 40808 --- [ecs-service] [           main] c.s.e.mapper.ImageMapper.selectList      : <==      Total: 2
2026-05-27T18:51:08.742+08:00  INFO 40808 --- [ecs-service] [           main] c.s.ecsservice.config.EcsConfigDataInit  : 镜像表已有数据，跳过初始化
2026-05-27T18:51:08.742+08:00 DEBUG 40808 --- [ecs-service] [           main] c.s.e.mapper.AppMapper.selectList        : ==>  Preparing: SELECT id,app_name,app_code,icon,description,install_time,is_expired,sort_order,created_at,updated_at FROM ecs_app
2026-05-27T18:51:08.742+08:00 DEBUG 40808 --- [ecs-service] [           main] c.s.e.mapper.AppMapper.selectList        : ==> Parameters: 
2026-05-27T18:51:08.744+08:00 DEBUG 40808 --- [ecs-service] [           main] c.s.e.mapper.AppMapper.selectList        : <==      Total: 1
2026-05-27T18:51:08.744+08:00  INFO 40808 --- [ecs-service] [           main] c.s.ecsservice.config.EcsConfigDataInit  : 预装应用表已有数据，跳过初始化
2026-05-27T18:51:08.744+08:00 DEBUG 40808 --- [ecs-service] [           main] c.s.e.mapper.PackageMapper.selectList    : ==>  Preparing: SELECT id,package_name,package_code,description,icon,vcpus,memory,system_disk,bandwidth,price_month,is_recommended,sort_order,is_expired,created_at,updated_at FROM ecs_package
2026-05-27T18:51:08.744+08:00 DEBUG 40808 --- [ecs-service] [           main] c.s.e.mapper.PackageMapper.selectList    : ==> Parameters: 
2026-05-27T18:51:08.746+08:00 DEBUG 40808 --- [ecs-service] [           main] c.s.e.mapper.PackageMapper.selectList    : <==      Total: 3
2026-05-27T18:51:08.746+08:00  INFO 40808 --- [ecs-service] [           main] c.s.ecsservice.config.EcsConfigDataInit  : 推荐套餐表已有数据，跳过初始化
2026-05-27T18:51:08.770+08:00  INFO 40808 --- [ecs-service] [           main] c.s.e.service.impl.EcsConfigServiceImpl  : ECS配置Guava本地缓存初始化完成，过期时间: 5分钟
2026-05-27T18:51:08.771+08:00  INFO 40808 --- [ecs-service] [           main] c.s.e.s.impl.RegionCacheServiceImpl      : Guava本地缓存初始化完成，过期时间: 5分钟
2026-05-27T18:51:08.782+08:00  INFO 40808 --- [ecs-service] [           main] o.s.b.a.w.s.WelcomePageHandlerMapping    : Adding welcome page: class path resource [static/index.html]
2026-05-27T18:51:08.833+08:00  INFO 40808 --- [ecs-service] [           main] c.s.ecsservice.service.EcsServiceTest    : Started EcsServiceTest in 0.342 seconds (process running for 11.498)
2026-05-27T18:51:08.835+08:00 DEBUG 40808 --- [ecs-service] [           main] c.s.e.mapper.RegionMapper.selectCount    : ==>  Preparing: SELECT COUNT( * ) AS total FROM sys_common_region
2026-05-27T18:51:08.835+08:00 DEBUG 40808 --- [ecs-service] [           main] c.s.e.mapper.RegionMapper.selectCount    : ==> Parameters: 
2026-05-27T18:51:08.836+08:00 DEBUG 40808 --- [ecs-service] [           main] c.s.e.mapper.RegionMapper.selectCount    : <==      Total: 1
2026-05-27T18:51:08.836+08:00  INFO 40808 --- [ecs-service] [           main] c.s.ecsservice.config.RegionDataInit     : 地域表已有数据，跳过初始化
2026-05-27T18:51:09.376+08:00 DEBUG 40808 --- [ecs-service] [           main] c.s.e.s.impl.RegionCacheServiceImpl      : 地域信息列表Redis缓存命中
2026-05-27T18:51:09.376+08:00  INFO 40808 --- [ecs-service] [           main] c.s.e.s.impl.RegionCacheServiceImpl      : 主动刷新地域缓存
2026-05-27T18:51:09.377+08:00 DEBUG 40808 --- [ecs-service] [           main] c.s.e.s.impl.RegionCacheServiceImpl      : 地域本地缓存已清除
2026-05-27T18:51:09.380+08:00  INFO 40808 --- [ecs-service] [           main] c.s.e.s.impl.RegionCacheServiceImpl      : 地域Redis缓存已删除: cloudplatform:ecs:region:area_list
2026-05-27T18:51:09.381+08:00  INFO 40808 --- [ecs-service] [           main] c.s.e.s.impl.RegionCacheServiceImpl      : 地域信息列表缓存未命中，从数据库加载
2026-05-27T18:51:09.381+08:00 DEBUG 40808 --- [ecs-service] [           main] c.s.e.m.RegionMapper.selectAllActive     : ==>  Preparing: SELECT * FROM sys_common_region WHERE is_deleted = 0 AND status = 1 ORDER BY sort_num
2026-05-27T18:51:09.381+08:00 DEBUG 40808 --- [ecs-service] [           main] c.s.e.m.RegionMapper.selectAllActive     : ==> Parameters: 
2026-05-27T18:51:09.385+08:00 DEBUG 40808 --- [ecs-service] [           main] c.s.e.m.RegionMapper.selectAllActive     : <==      Total: 31
2026-05-27T18:51:09.392+08:00 DEBUG 40808 --- [ecs-service] [           main] c.s.e.s.impl.RegionCacheServiceImpl      : 地域信息列表本地缓存命中
2026-05-27T18:51:09.516+08:00  INFO 40808 --- [ecs-service] [           main] com.zaxxer.hikari.HikariDataSource       : HikariPool-5 - Shutdown initiated...
2026-05-27T18:51:09.518+08:00  INFO 40808 --- [ecs-service] [           main] com.zaxxer.hikari.HikariDataSource       : HikariPool-5 - Shutdown completed.
]]></system-out>
  </testcase>
  <testcase name="deleteCache_Success" classname="com.sustar.ecsservice.service.EcsServiceTest" time="0.693">
    <system-out><![CDATA[
  .   ____          _            __ _ _
 /\\ / ___'_ __ _ _(_)_ __  __ _ \ \ \ \
( ( )\___ | '_ | '_| | '_ \/ _` | \ \ \ \
 \\/  ___)| |_)| | | | | || (_| |  ) ) ) )
  '  |____| .__|_| |_|_| |_\__, | / / / /
 =========|_|==============|___/=/_/_/_/
 :: Spring Boot ::                (v3.2.5)

2026-05-27T18:51:09.532+08:00  INFO 40808 --- [ecs-service] [           main] c.s.ecsservice.service.EcsServiceTest    : Starting EcsServiceTest using Java 21.0.8 with PID 40808 (started by 20847 in C:\Users\20847\Desktop\cloud-platform\ecs-service)
2026-05-27T18:51:09.532+08:00 DEBUG 40808 --- [ecs-service] [           main] c.s.ecsservice.service.EcsServiceTest    : Running with Spring Boot v3.2.5, Spring v6.1.6
2026-05-27T18:51:09.532+08:00  INFO 40808 --- [ecs-service] [           main] c.s.ecsservice.service.EcsServiceTest    : No active profile set, falling back to 1 default profile: "default"
2026-05-27T18:51:09.613+08:00  INFO 40808 --- [ecs-service] [           main] .s.d.r.c.RepositoryConfigurationDelegate : Multiple Spring Data modules found, entering strict repository configuration mode
2026-05-27T18:51:09.613+08:00  INFO 40808 --- [ecs-service] [           main] .s.d.r.c.RepositoryConfigurationDelegate : Bootstrapping Spring Data Redis repositories in DEFAULT mode.
2026-05-27T18:51:09.617+08:00  INFO 40808 --- [ecs-service] [           main] .s.d.r.c.RepositoryConfigurationDelegate : Finished Spring Data repository scanning in 3 ms. Found 0 Redis repository interfaces.
2026-05-27T18:51:09.627+08:00  WARN 40808 --- [ecs-service] [           main] o.m.s.mapper.ClassPathMapperScanner      : Skipping MapperFactoryBean with name 'appMapper' and 'com.sustar.ecsservice.mapper.AppMapper' mapperInterface. Bean already defined with the same name!
2026-05-27T18:51:09.627+08:00  WARN 40808 --- [ecs-service] [           main] o.m.s.mapper.ClassPathMapperScanner      : Skipping MapperFactoryBean with name 'imageMapper' and 'com.sustar.ecsservice.mapper.ImageMapper' mapperInterface. Bean already defined with the same name!
2026-05-27T18:51:09.627+08:00  WARN 40808 --- [ecs-service] [           main] o.m.s.mapper.ClassPathMapperScanner      : Skipping MapperFactoryBean with name 'packageMapper' and 'com.sustar.ecsservice.mapper.PackageMapper' mapperInterface. Bean already defined with the same name!
2026-05-27T18:51:09.627+08:00  WARN 40808 --- [ecs-service] [           main] o.m.s.mapper.ClassPathMapperScanner      : Skipping MapperFactoryBean with name 'regionMapper' and 'com.sustar.ecsservice.mapper.RegionMapper' mapperInterface. Bean already defined with the same name!
2026-05-27T18:51:09.627+08:00  WARN 40808 --- [ecs-service] [           main] o.m.s.mapper.ClassPathMapperScanner      : No MyBatis mapper was found in '[com.sustar.ecsservice.mapper]' package. Please check your configuration.
2026-05-27T18:51:09.646+08:00  WARN 40808 --- [ecs-service] [           main] c.b.m.e.s.MybatisSqlSessionFactoryBean   : Property 'mapperLocations' was specified but matching resources are not found.
 _ _   |_  _ _|_. ___ _ |    _ 
| | |\/|_)(_| | |_\  |_)||_|_\ 
     /               |         
                        3.5.7 
2026-05-27T18:51:09.707+08:00  INFO 40808 --- [ecs-service] [           main] com.zaxxer.hikari.HikariDataSource       : HikariPool-6 - Starting...
2026-05-27T18:51:09.711+08:00  INFO 40808 --- [ecs-service] [           main] com.zaxxer.hikari.pool.HikariPool        : HikariPool-6 - Added connection com.mysql.cj.jdbc.ConnectionImpl@417c9b17
2026-05-27T18:51:09.711+08:00  INFO 40808 --- [ecs-service] [           main] com.zaxxer.hikari.HikariDataSource       : HikariPool-6 - Start completed.
2026-05-27T18:51:09.716+08:00  INFO 40808 --- [ecs-service] [           main] c.s.ecsservice.config.EcsConfigDataInit  : ecs_image表创建完成
2026-05-27T18:51:09.718+08:00  INFO 40808 --- [ecs-service] [           main] c.s.ecsservice.config.EcsConfigDataInit  : ecs_app表创建完成
2026-05-27T18:51:09.720+08:00  INFO 40808 --- [ecs-service] [           main] c.s.ecsservice.config.EcsConfigDataInit  : ecs_package表创建完成
2026-05-27T18:51:09.720+08:00 DEBUG 40808 --- [ecs-service] [           main] c.s.e.mapper.ImageMapper.selectList      : ==>  Preparing: SELECT id,image_name,os_category,os_version,description,is_expired,sort_order,is_default,is_free,created_at,updated_at FROM ecs_image
2026-05-27T18:51:09.720+08:00 DEBUG 40808 --- [ecs-service] [           main] c.s.e.mapper.ImageMapper.selectList      : ==> Parameters: 
2026-05-27T18:51:09.722+08:00 DEBUG 40808 --- [ecs-service] [           main] c.s.e.mapper.ImageMapper.selectList      : <==      Total: 2
2026-05-27T18:51:09.722+08:00  INFO 40808 --- [ecs-service] [           main] c.s.ecsservice.config.EcsConfigDataInit  : 镜像表已有数据，跳过初始化
2026-05-27T18:51:09.722+08:00 DEBUG 40808 --- [ecs-service] [           main] c.s.e.mapper.AppMapper.selectList        : ==>  Preparing: SELECT id,app_name,app_code,icon,description,install_time,is_expired,sort_order,created_at,updated_at FROM ecs_app
2026-05-27T18:51:09.722+08:00 DEBUG 40808 --- [ecs-service] [           main] c.s.e.mapper.AppMapper.selectList        : ==> Parameters: 
2026-05-27T18:51:09.724+08:00 DEBUG 40808 --- [ecs-service] [           main] c.s.e.mapper.AppMapper.selectList        : <==      Total: 1
2026-05-27T18:51:09.724+08:00  INFO 40808 --- [ecs-service] [           main] c.s.ecsservice.config.EcsConfigDataInit  : 预装应用表已有数据，跳过初始化
2026-05-27T18:51:09.724+08:00 DEBUG 40808 --- [ecs-service] [           main] c.s.e.mapper.PackageMapper.selectList    : ==>  Preparing: SELECT id,package_name,package_code,description,icon,vcpus,memory,system_disk,bandwidth,price_month,is_recommended,sort_order,is_expired,created_at,updated_at FROM ecs_package
2026-05-27T18:51:09.724+08:00 DEBUG 40808 --- [ecs-service] [           main] c.s.e.mapper.PackageMapper.selectList    : ==> Parameters: 
2026-05-27T18:51:09.725+08:00 DEBUG 40808 --- [ecs-service] [           main] c.s.e.mapper.PackageMapper.selectList    : <==      Total: 3
2026-05-27T18:51:09.725+08:00  INFO 40808 --- [ecs-service] [           main] c.s.ecsservice.config.EcsConfigDataInit  : 推荐套餐表已有数据，跳过初始化
2026-05-27T18:51:09.741+08:00  INFO 40808 --- [ecs-service] [           main] c.s.e.service.impl.EcsConfigServiceImpl  : ECS配置Guava本地缓存初始化完成，过期时间: 5分钟
2026-05-27T18:51:09.742+08:00  INFO 40808 --- [ecs-service] [           main] c.s.e.s.impl.RegionCacheServiceImpl      : Guava本地缓存初始化完成，过期时间: 5分钟
2026-05-27T18:51:09.757+08:00  INFO 40808 --- [ecs-service] [           main] o.s.b.a.w.s.WelcomePageHandlerMapping    : Adding welcome page: class path resource [static/index.html]
2026-05-27T18:51:09.802+08:00  INFO 40808 --- [ecs-service] [           main] c.s.ecsservice.service.EcsServiceTest    : Started EcsServiceTest in 0.282 seconds (process running for 12.467)
2026-05-27T18:51:09.804+08:00 DEBUG 40808 --- [ecs-service] [           main] c.s.e.mapper.RegionMapper.selectCount    : ==>  Preparing: SELECT COUNT( * ) AS total FROM sys_common_region
2026-05-27T18:51:09.804+08:00 DEBUG 40808 --- [ecs-service] [           main] c.s.e.mapper.RegionMapper.selectCount    : ==> Parameters: 
2026-05-27T18:51:09.805+08:00 DEBUG 40808 --- [ecs-service] [           main] c.s.e.mapper.RegionMapper.selectCount    : <==      Total: 1
2026-05-27T18:51:09.805+08:00  INFO 40808 --- [ecs-service] [           main] c.s.ecsservice.config.RegionDataInit     : 地域表已有数据，跳过初始化
2026-05-27T18:51:10.374+08:00 DEBUG 40808 --- [ecs-service] [           main] c.s.e.s.impl.RegionCacheServiceImpl      : 地域信息列表Redis缓存命中
2026-05-27T18:51:10.375+08:00 DEBUG 40808 --- [ecs-service] [           main] c.s.e.s.impl.RegionCacheServiceImpl      : 地域本地缓存已清除
2026-05-27T18:51:10.376+08:00  INFO 40808 --- [ecs-service] [           main] c.s.e.s.impl.RegionCacheServiceImpl      : 地域Redis缓存已删除: cloudplatform:ecs:region:area_list
2026-05-27T18:51:10.377+08:00  INFO 40808 --- [ecs-service] [           main] c.s.e.s.impl.RegionCacheServiceImpl      : 地域信息列表缓存未命中，从数据库加载
2026-05-27T18:51:10.378+08:00 DEBUG 40808 --- [ecs-service] [           main] c.s.e.m.RegionMapper.selectAllActive     : ==>  Preparing: SELECT * FROM sys_common_region WHERE is_deleted = 0 AND status = 1 ORDER BY sort_num
2026-05-27T18:51:10.378+08:00 DEBUG 40808 --- [ecs-service] [           main] c.s.e.m.RegionMapper.selectAllActive     : ==> Parameters: 
2026-05-27T18:51:10.382+08:00 DEBUG 40808 --- [ecs-service] [           main] c.s.e.m.RegionMapper.selectAllActive     : <==      Total: 31
2026-05-27T18:51:10.498+08:00  INFO 40808 --- [ecs-service] [           main] com.zaxxer.hikari.HikariDataSource       : HikariPool-6 - Shutdown initiated...
2026-05-27T18:51:10.499+08:00  INFO 40808 --- [ecs-service] [           main] com.zaxxer.hikari.HikariDataSource       : HikariPool-6 - Shutdown completed.
]]></system-out>
  </testcase>
  <testcase name="deleteAllCache_Success" classname="com.sustar.ecsservice.service.EcsServiceTest" time="0.651">
    <system-out><![CDATA[
  .   ____          _            __ _ _
 /\\ / ___'_ __ _ _(_)_ __  __ _ \ \ \ \
( ( )\___ | '_ | '_| | '_ \/ _` | \ \ \ \
 \\/  ___)| |_)| | | | | || (_| |  ) ) ) )
  '  |____| .__|_| |_|_| |_\__, | / / / /
 =========|_|==============|___/=/_/_/_/
 :: Spring Boot ::                (v3.2.5)

2026-05-27T18:51:10.515+08:00  INFO 40808 --- [ecs-service] [           main] c.s.ecsservice.service.EcsServiceTest    : Starting EcsServiceTest using Java 21.0.8 with PID 40808 (started by 20847 in C:\Users\20847\Desktop\cloud-platform\ecs-service)
2026-05-27T18:51:10.515+08:00 DEBUG 40808 --- [ecs-service] [           main] c.s.ecsservice.service.EcsServiceTest    : Running with Spring Boot v3.2.5, Spring v6.1.6
2026-05-27T18:51:10.516+08:00  INFO 40808 --- [ecs-service] [           main] c.s.ecsservice.service.EcsServiceTest    : No active profile set, falling back to 1 default profile: "default"
2026-05-27T18:51:10.602+08:00  INFO 40808 --- [ecs-service] [           main] .s.d.r.c.RepositoryConfigurationDelegate : Multiple Spring Data modules found, entering strict repository configuration mode
2026-05-27T18:51:10.603+08:00  INFO 40808 --- [ecs-service] [           main] .s.d.r.c.RepositoryConfigurationDelegate : Bootstrapping Spring Data Redis repositories in DEFAULT mode.
2026-05-27T18:51:10.607+08:00  INFO 40808 --- [ecs-service] [           main] .s.d.r.c.RepositoryConfigurationDelegate : Finished Spring Data repository scanning in 4 ms. Found 0 Redis repository interfaces.
2026-05-27T18:51:10.622+08:00  WARN 40808 --- [ecs-service] [           main] o.m.s.mapper.ClassPathMapperScanner      : Skipping MapperFactoryBean with name 'appMapper' and 'com.sustar.ecsservice.mapper.AppMapper' mapperInterface. Bean already defined with the same name!
2026-05-27T18:51:10.622+08:00  WARN 40808 --- [ecs-service] [           main] o.m.s.mapper.ClassPathMapperScanner      : Skipping MapperFactoryBean with name 'imageMapper' and 'com.sustar.ecsservice.mapper.ImageMapper' mapperInterface. Bean already defined with the same name!
2026-05-27T18:51:10.622+08:00  WARN 40808 --- [ecs-service] [           main] o.m.s.mapper.ClassPathMapperScanner      : Skipping MapperFactoryBean with name 'packageMapper' and 'com.sustar.ecsservice.mapper.PackageMapper' mapperInterface. Bean already defined with the same name!
2026-05-27T18:51:10.622+08:00  WARN 40808 --- [ecs-service] [           main] o.m.s.mapper.ClassPathMapperScanner      : Skipping MapperFactoryBean with name 'regionMapper' and 'com.sustar.ecsservice.mapper.RegionMapper' mapperInterface. Bean already defined with the same name!
2026-05-27T18:51:10.622+08:00  WARN 40808 --- [ecs-service] [           main] o.m.s.mapper.ClassPathMapperScanner      : No MyBatis mapper was found in '[com.sustar.ecsservice.mapper]' package. Please check your configuration.
2026-05-27T18:51:10.643+08:00  WARN 40808 --- [ecs-service] [           main] c.b.m.e.s.MybatisSqlSessionFactoryBean   : Property 'mapperLocations' was specified but matching resources are not found.
 _ _   |_  _ _|_. ___ _ |    _ 
| | |\/|_)(_| | |_\  |_)||_|_\ 
     /               |         
                        3.5.7 
2026-05-27T18:51:10.702+08:00  INFO 40808 --- [ecs-service] [           main] com.zaxxer.hikari.HikariDataSource       : HikariPool-7 - Starting...
2026-05-27T18:51:10.706+08:00  INFO 40808 --- [ecs-service] [           main] com.zaxxer.hikari.pool.HikariPool        : HikariPool-7 - Added connection com.mysql.cj.jdbc.ConnectionImpl@71e839ee
2026-05-27T18:51:10.706+08:00  INFO 40808 --- [ecs-service] [           main] com.zaxxer.hikari.HikariDataSource       : HikariPool-7 - Start completed.
2026-05-27T18:51:10.712+08:00  INFO 40808 --- [ecs-service] [           main] c.s.ecsservice.config.EcsConfigDataInit  : ecs_image表创建完成
2026-05-27T18:51:10.714+08:00  INFO 40808 --- [ecs-service] [           main] c.s.ecsservice.config.EcsConfigDataInit  : ecs_app表创建完成
2026-05-27T18:51:10.717+08:00  INFO 40808 --- [ecs-service] [           main] c.s.ecsservice.config.EcsConfigDataInit  : ecs_package表创建完成
2026-05-27T18:51:10.717+08:00 DEBUG 40808 --- [ecs-service] [           main] c.s.e.mapper.ImageMapper.selectList      : ==>  Preparing: SELECT id,image_name,os_category,os_version,description,is_expired,sort_order,is_default,is_free,created_at,updated_at FROM ecs_image
2026-05-27T18:51:10.718+08:00 DEBUG 40808 --- [ecs-service] [           main] c.s.e.mapper.ImageMapper.selectList      : ==> Parameters: 
2026-05-27T18:51:10.719+08:00 DEBUG 40808 --- [ecs-service] [           main] c.s.e.mapper.ImageMapper.selectList      : <==      Total: 2
2026-05-27T18:51:10.719+08:00  INFO 40808 --- [ecs-service] [           main] c.s.ecsservice.config.EcsConfigDataInit  : 镜像表已有数据，跳过初始化
2026-05-27T18:51:10.719+08:00 DEBUG 40808 --- [ecs-service] [           main] c.s.e.mapper.AppMapper.selectList        : ==>  Preparing: SELECT id,app_name,app_code,icon,description,install_time,is_expired,sort_order,created_at,updated_at FROM ecs_app
2026-05-27T18:51:10.719+08:00 DEBUG 40808 --- [ecs-service] [           main] c.s.e.mapper.AppMapper.selectList        : ==> Parameters: 
2026-05-27T18:51:10.720+08:00 DEBUG 40808 --- [ecs-service] [           main] c.s.e.mapper.AppMapper.selectList        : <==      Total: 1
2026-05-27T18:51:10.720+08:00  INFO 40808 --- [ecs-service] [           main] c.s.ecsservice.config.EcsConfigDataInit  : 预装应用表已有数据，跳过初始化
2026-05-27T18:51:10.720+08:00 DEBUG 40808 --- [ecs-service] [           main] c.s.e.mapper.PackageMapper.selectList    : ==>  Preparing: SELECT id,package_name,package_code,description,icon,vcpus,memory,system_disk,bandwidth,price_month,is_recommended,sort_order,is_expired,created_at,updated_at FROM ecs_package
2026-05-27T18:51:10.720+08:00 DEBUG 40808 --- [ecs-service] [           main] c.s.e.mapper.PackageMapper.selectList    : ==> Parameters: 
2026-05-27T18:51:10.721+08:00 DEBUG 40808 --- [ecs-service] [           main] c.s.e.mapper.PackageMapper.selectList    : <==      Total: 3
2026-05-27T18:51:10.721+08:00  INFO 40808 --- [ecs-service] [           main] c.s.ecsservice.config.EcsConfigDataInit  : 推荐套餐表已有数据，跳过初始化
2026-05-27T18:51:10.734+08:00  INFO 40808 --- [ecs-service] [           main] c.s.e.service.impl.EcsConfigServiceImpl  : ECS配置Guava本地缓存初始化完成，过期时间: 5分钟
2026-05-27T18:51:10.735+08:00  INFO 40808 --- [ecs-service] [           main] c.s.e.s.impl.RegionCacheServiceImpl      : Guava本地缓存初始化完成，过期时间: 5分钟
2026-05-27T18:51:10.747+08:00  INFO 40808 --- [ecs-service] [           main] o.s.b.a.w.s.WelcomePageHandlerMapping    : Adding welcome page: class path resource [static/index.html]
2026-05-27T18:51:10.792+08:00  INFO 40808 --- [ecs-service] [           main] c.s.ecsservice.service.EcsServiceTest    : Started EcsServiceTest in 0.292 seconds (process running for 13.456)
2026-05-27T18:51:10.792+08:00 DEBUG 40808 --- [ecs-service] [           main] c.s.e.mapper.RegionMapper.selectCount    : ==>  Preparing: SELECT COUNT( * ) AS total FROM sys_common_region
2026-05-27T18:51:10.792+08:00 DEBUG 40808 --- [ecs-service] [           main] c.s.e.mapper.RegionMapper.selectCount    : ==> Parameters: 
2026-05-27T18:51:10.794+08:00 DEBUG 40808 --- [ecs-service] [           main] c.s.e.mapper.RegionMapper.selectCount    : <==      Total: 1
2026-05-27T18:51:10.795+08:00  INFO 40808 --- [ecs-service] [           main] c.s.ecsservice.config.RegionDataInit     : 地域表已有数据，跳过初始化
2026-05-27T18:51:11.307+08:00 DEBUG 40808 --- [ecs-service] [           main] c.s.e.service.impl.EcsConfigServiceImpl  : 镜像列表Redis缓存命中, osCategory: null
2026-05-27T18:51:11.310+08:00 DEBUG 40808 --- [ecs-service] [           main] c.s.e.service.impl.EcsConfigServiceImpl  : 预装应用列表Redis缓存命中
2026-05-27T18:51:11.313+08:00 DEBUG 40808 --- [ecs-service] [           main] c.s.e.service.impl.EcsConfigServiceImpl  : ECS配置本地缓存已清除
2026-05-27T18:51:11.318+08:00  INFO 40808 --- [ecs-service] [           main] c.s.e.service.impl.EcsConfigServiceImpl  : ECS配置Redis缓存已删除
2026-05-27T18:51:11.319+08:00  INFO 40808 --- [ecs-service] [           main] c.s.e.service.impl.EcsConfigServiceImpl  : 镜像列表缓存未命中，从数据库加载, osCategory: null
2026-05-27T18:51:11.319+08:00 DEBUG 40808 --- [ecs-service] [           main] c.s.e.m.ImageMapper.selectActiveImages   : ==>  Preparing: SELECT * FROM ecs_image WHERE is_expired = 0 AND os_category IN ('windows', 'linux') ORDER BY sort_order ASC
2026-05-27T18:51:11.319+08:00 DEBUG 40808 --- [ecs-service] [           main] c.s.e.m.ImageMapper.selectActiveImages   : ==> Parameters: 
2026-05-27T18:51:11.320+08:00 DEBUG 40808 --- [ecs-service] [           main] c.s.e.m.ImageMapper.selectActiveImages   : <==      Total: 2
2026-05-27T18:51:11.324+08:00  INFO 40808 --- [ecs-service] [           main] c.s.e.service.impl.EcsConfigServiceImpl  : 预装应用列表缓存未命中，从数据库加载
2026-05-27T18:51:11.324+08:00 DEBUG 40808 --- [ecs-service] [           main] c.s.e.mapper.AppMapper.selectActiveApps  : ==>  Preparing: SELECT * FROM ecs_app WHERE is_expired = 0 ORDER BY sort_order ASC
2026-05-27T18:51:11.324+08:00 DEBUG 40808 --- [ecs-service] [           main] c.s.e.mapper.AppMapper.selectActiveApps  : ==> Parameters: 
2026-05-27T18:51:11.326+08:00 DEBUG 40808 --- [ecs-service] [           main] c.s.e.mapper.AppMapper.selectActiveApps  : <==      Total: 1
2026-05-27T18:51:11.444+08:00  INFO 40808 --- [ecs-service] [           main] com.zaxxer.hikari.HikariDataSource       : HikariPool-7 - Shutdown initiated...
2026-05-27T18:51:11.446+08:00  INFO 40808 --- [ecs-service] [           main] com.zaxxer.hikari.HikariDataSource       : HikariPool-7 - Shutdown completed.
]]></system-out>
  </testcase>
  <testcase name="refreshAllCache_Success" classname="com.sustar.ecsservice.service.EcsServiceTest" time="0.658">
    <system-out><![CDATA[
  .   ____          _            __ _ _
 /\\ / ___'_ __ _ _(_)_ __  __ _ \ \ \ \
( ( )\___ | '_ | '_| | '_ \/ _` | \ \ \ \
 \\/  ___)| |_)| | | | | || (_| |  ) ) ) )
  '  |____| .__|_| |_|_| |_\__, | / / / /
 =========|_|==============|___/=/_/_/_/
 :: Spring Boot ::                (v3.2.5)

2026-05-27T18:51:11.459+08:00  INFO 40808 --- [ecs-service] [           main] c.s.ecsservice.service.EcsServiceTest    : Starting EcsServiceTest using Java 21.0.8 with PID 40808 (started by 20847 in C:\Users\20847\Desktop\cloud-platform\ecs-service)
2026-05-27T18:51:11.459+08:00 DEBUG 40808 --- [ecs-service] [           main] c.s.ecsservice.service.EcsServiceTest    : Running with Spring Boot v3.2.5, Spring v6.1.6
2026-05-27T18:51:11.459+08:00  INFO 40808 --- [ecs-service] [           main] c.s.ecsservice.service.EcsServiceTest    : No active profile set, falling back to 1 default profile: "default"
2026-05-27T18:51:11.546+08:00  INFO 40808 --- [ecs-service] [           main] .s.d.r.c.RepositoryConfigurationDelegate : Multiple Spring Data modules found, entering strict repository configuration mode
2026-05-27T18:51:11.546+08:00  INFO 40808 --- [ecs-service] [           main] .s.d.r.c.RepositoryConfigurationDelegate : Bootstrapping Spring Data Redis repositories in DEFAULT mode.
2026-05-27T18:51:11.551+08:00  INFO 40808 --- [ecs-service] [           main] .s.d.r.c.RepositoryConfigurationDelegate : Finished Spring Data repository scanning in 4 ms. Found 0 Redis repository interfaces.
2026-05-27T18:51:11.559+08:00  WARN 40808 --- [ecs-service] [           main] o.m.s.mapper.ClassPathMapperScanner      : Skipping MapperFactoryBean with name 'appMapper' and 'com.sustar.ecsservice.mapper.AppMapper' mapperInterface. Bean already defined with the same name!
2026-05-27T18:51:11.559+08:00  WARN 40808 --- [ecs-service] [           main] o.m.s.mapper.ClassPathMapperScanner      : Skipping MapperFactoryBean with name 'imageMapper' and 'com.sustar.ecsservice.mapper.ImageMapper' mapperInterface. Bean already defined with the same name!
2026-05-27T18:51:11.559+08:00  WARN 40808 --- [ecs-service] [           main] o.m.s.mapper.ClassPathMapperScanner      : Skipping MapperFactoryBean with name 'packageMapper' and 'com.sustar.ecsservice.mapper.PackageMapper' mapperInterface. Bean already defined with the same name!
2026-05-27T18:51:11.559+08:00  WARN 40808 --- [ecs-service] [           main] o.m.s.mapper.ClassPathMapperScanner      : Skipping MapperFactoryBean with name 'regionMapper' and 'com.sustar.ecsservice.mapper.RegionMapper' mapperInterface. Bean already defined with the same name!
2026-05-27T18:51:11.559+08:00  WARN 40808 --- [ecs-service] [           main] o.m.s.mapper.ClassPathMapperScanner      : No MyBatis mapper was found in '[com.sustar.ecsservice.mapper]' package. Please check your configuration.
2026-05-27T18:51:11.578+08:00  WARN 40808 --- [ecs-service] [           main] c.b.m.e.s.MybatisSqlSessionFactoryBean   : Property 'mapperLocations' was specified but matching resources are not found.
 _ _   |_  _ _|_. ___ _ |    _ 
| | |\/|_)(_| | |_\  |_)||_|_\ 
     /               |         
                        3.5.7 
2026-05-27T18:51:11.629+08:00  INFO 40808 --- [ecs-service] [           main] com.zaxxer.hikari.HikariDataSource       : HikariPool-8 - Starting...
2026-05-27T18:51:11.634+08:00  INFO 40808 --- [ecs-service] [           main] com.zaxxer.hikari.pool.HikariPool        : HikariPool-8 - Added connection com.mysql.cj.jdbc.ConnectionImpl@6a844
2026-05-27T18:51:11.635+08:00  INFO 40808 --- [ecs-service] [           main] com.zaxxer.hikari.HikariDataSource       : HikariPool-8 - Start completed.
2026-05-27T18:51:11.638+08:00  INFO 40808 --- [ecs-service] [           main] c.s.ecsservice.config.EcsConfigDataInit  : ecs_image表创建完成
2026-05-27T18:51:11.638+08:00  INFO 40808 --- [ecs-service] [           main] c.s.ecsservice.config.EcsConfigDataInit  : ecs_app表创建完成
2026-05-27T18:51:11.639+08:00  INFO 40808 --- [ecs-service] [           main] c.s.ecsservice.config.EcsConfigDataInit  : ecs_package表创建完成
2026-05-27T18:51:11.640+08:00 DEBUG 40808 --- [ecs-service] [           main] c.s.e.mapper.ImageMapper.selectList      : ==>  Preparing: SELECT id,image_name,os_category,os_version,description,is_expired,sort_order,is_default,is_free,created_at,updated_at FROM ecs_image
2026-05-27T18:51:11.640+08:00 DEBUG 40808 --- [ecs-service] [           main] c.s.e.mapper.ImageMapper.selectList      : ==> Parameters: 
2026-05-27T18:51:11.641+08:00 DEBUG 40808 --- [ecs-service] [           main] c.s.e.mapper.ImageMapper.selectList      : <==      Total: 2
2026-05-27T18:51:11.641+08:00  INFO 40808 --- [ecs-service] [           main] c.s.ecsservice.config.EcsConfigDataInit  : 镜像表已有数据，跳过初始化
2026-05-27T18:51:11.641+08:00 DEBUG 40808 --- [ecs-service] [           main] c.s.e.mapper.AppMapper.selectList        : ==>  Preparing: SELECT id,app_name,app_code,icon,description,install_time,is_expired,sort_order,created_at,updated_at FROM ecs_app
2026-05-27T18:51:11.641+08:00 DEBUG 40808 --- [ecs-service] [           main] c.s.e.mapper.AppMapper.selectList        : ==> Parameters: 
2026-05-27T18:51:11.642+08:00 DEBUG 40808 --- [ecs-service] [           main] c.s.e.mapper.AppMapper.selectList        : <==      Total: 1
2026-05-27T18:51:11.643+08:00  INFO 40808 --- [ecs-service] [           main] c.s.ecsservice.config.EcsConfigDataInit  : 预装应用表已有数据，跳过初始化
2026-05-27T18:51:11.643+08:00 DEBUG 40808 --- [ecs-service] [           main] c.s.e.mapper.PackageMapper.selectList    : ==>  Preparing: SELECT id,package_name,package_code,description,icon,vcpus,memory,system_disk,bandwidth,price_month,is_recommended,sort_order,is_expired,created_at,updated_at FROM ecs_package
2026-05-27T18:51:11.643+08:00 DEBUG 40808 --- [ecs-service] [           main] c.s.e.mapper.PackageMapper.selectList    : ==> Parameters: 
2026-05-27T18:51:11.644+08:00 DEBUG 40808 --- [ecs-service] [           main] c.s.e.mapper.PackageMapper.selectList    : <==      Total: 3
2026-05-27T18:51:11.644+08:00  INFO 40808 --- [ecs-service] [           main] c.s.ecsservice.config.EcsConfigDataInit  : 推荐套餐表已有数据，跳过初始化
2026-05-27T18:51:11.659+08:00  INFO 40808 --- [ecs-service] [           main] c.s.e.service.impl.EcsConfigServiceImpl  : ECS配置Guava本地缓存初始化完成，过期时间: 5分钟
2026-05-27T18:51:11.659+08:00  INFO 40808 --- [ecs-service] [           main] c.s.e.s.impl.RegionCacheServiceImpl      : Guava本地缓存初始化完成，过期时间: 5分钟
2026-05-27T18:51:11.674+08:00  INFO 40808 --- [ecs-service] [           main] o.s.b.a.w.s.WelcomePageHandlerMapping    : Adding welcome page: class path resource [static/index.html]
2026-05-27T18:51:11.715+08:00  INFO 40808 --- [ecs-service] [           main] c.s.ecsservice.service.EcsServiceTest    : Started EcsServiceTest in 0.267 seconds (process running for 14.38)
2026-05-27T18:51:11.716+08:00 DEBUG 40808 --- [ecs-service] [           main] c.s.e.mapper.RegionMapper.selectCount    : ==>  Preparing: SELECT COUNT( * ) AS total FROM sys_common_region
2026-05-27T18:51:11.716+08:00 DEBUG 40808 --- [ecs-service] [           main] c.s.e.mapper.RegionMapper.selectCount    : ==> Parameters: 
2026-05-27T18:51:11.717+08:00 DEBUG 40808 --- [ecs-service] [           main] c.s.e.mapper.RegionMapper.selectCount    : <==      Total: 1
2026-05-27T18:51:11.718+08:00  INFO 40808 --- [ecs-service] [           main] c.s.ecsservice.config.RegionDataInit     : 地域表已有数据，跳过初始化
2026-05-27T18:51:12.199+08:00 DEBUG 40808 --- [ecs-service] [           main] c.s.e.service.impl.EcsConfigServiceImpl  : 镜像列表Redis缓存命中, osCategory: null
2026-05-27T18:51:12.200+08:00 DEBUG 40808 --- [ecs-service] [           main] c.s.e.service.impl.EcsConfigServiceImpl  : 预装应用列表Redis缓存命中
2026-05-27T18:51:12.201+08:00  INFO 40808 --- [ecs-service] [           main] c.s.e.service.impl.EcsConfigServiceImpl  : 推荐套餐列表缓存未命中，从数据库加载, packageCode: null
2026-05-27T18:51:12.201+08:00 DEBUG 40808 --- [ecs-service] [           main] c.s.e.m.P.selectActivePackages           : ==>  Preparing: SELECT * FROM ecs_package WHERE is_expired = 0 ORDER BY sort_order ASC
2026-05-27T18:51:12.201+08:00 DEBUG 40808 --- [ecs-service] [           main] c.s.e.m.P.selectActivePackages           : ==> Parameters: 
2026-05-27T18:51:12.203+08:00 DEBUG 40808 --- [ecs-service] [           main] c.s.e.m.P.selectActivePackages           : <==      Total: 3
2026-05-27T18:51:12.203+08:00 DEBUG 40808 --- [ecs-service] [           main] c.s.e.m.P.selectActivePackages           : ==>  Preparing: SELECT * FROM ecs_package WHERE is_expired = 0 ORDER BY sort_order ASC
2026-05-27T18:51:12.203+08:00 DEBUG 40808 --- [ecs-service] [           main] c.s.e.m.P.selectActivePackages           : ==> Parameters: 
2026-05-27T18:51:12.204+08:00 DEBUG 40808 --- [ecs-service] [           main] c.s.e.m.P.selectActivePackages           : <==      Total: 3
2026-05-27T18:51:12.211+08:00  INFO 40808 --- [ecs-service] [           main] c.s.e.service.impl.EcsConfigServiceImpl  : 付费类型列表缓存未命中，构建数据
2026-05-27T18:51:12.215+08:00  INFO 40808 --- [ecs-service] [           main] c.s.e.service.impl.EcsConfigServiceImpl  : 带宽模式列表缓存未命中，构建数据
2026-05-27T18:51:12.218+08:00  INFO 40808 --- [ecs-service] [           main] c.s.e.service.impl.EcsConfigServiceImpl  : 主动刷新所有ECS配置缓存
2026-05-27T18:51:12.218+08:00 DEBUG 40808 --- [ecs-service] [           main] c.s.e.service.impl.EcsConfigServiceImpl  : ECS配置本地缓存已清除
2026-05-27T18:51:12.223+08:00  INFO 40808 --- [ecs-service] [           main] c.s.e.service.impl.EcsConfigServiceImpl  : ECS配置Redis缓存已删除
2026-05-27T18:51:12.224+08:00  INFO 40808 --- [ecs-service] [           main] c.s.e.service.impl.EcsConfigServiceImpl  : 镜像列表缓存未命中，从数据库加载, osCategory: null
2026-05-27T18:51:12.224+08:00 DEBUG 40808 --- [ecs-service] [           main] c.s.e.m.ImageMapper.selectActiveImages   : ==>  Preparing: SELECT * FROM ecs_image WHERE is_expired = 0 AND os_category IN ('windows', 'linux') ORDER BY sort_order ASC
2026-05-27T18:51:12.224+08:00 DEBUG 40808 --- [ecs-service] [           main] c.s.e.m.ImageMapper.selectActiveImages   : ==> Parameters: 
2026-05-27T18:51:12.225+08:00 DEBUG 40808 --- [ecs-service] [           main] c.s.e.m.ImageMapper.selectActiveImages   : <==      Total: 2
2026-05-27T18:51:12.228+08:00  INFO 40808 --- [ecs-service] [           main] c.s.e.service.impl.EcsConfigServiceImpl  : 预装应用列表缓存未命中，从数据库加载
2026-05-27T18:51:12.228+08:00 DEBUG 40808 --- [ecs-service] [           main] c.s.e.mapper.AppMapper.selectActiveApps  : ==>  Preparing: SELECT * FROM ecs_app WHERE is_expired = 0 ORDER BY sort_order ASC
2026-05-27T18:51:12.228+08:00 DEBUG 40808 --- [ecs-service] [           main] c.s.e.mapper.AppMapper.selectActiveApps  : ==> Parameters: 
2026-05-27T18:51:12.229+08:00 DEBUG 40808 --- [ecs-service] [           main] c.s.e.mapper.AppMapper.selectActiveApps  : <==      Total: 1
2026-05-27T18:51:12.232+08:00  INFO 40808 --- [ecs-service] [           main] c.s.e.service.impl.EcsConfigServiceImpl  : 推荐套餐列表缓存未命中，从数据库加载, packageCode: null
2026-05-27T18:51:12.233+08:00 DEBUG 40808 --- [ecs-service] [           main] c.s.e.m.P.selectActivePackages           : ==>  Preparing: SELECT * FROM ecs_package WHERE is_expired = 0 ORDER BY sort_order ASC
2026-05-27T18:51:12.233+08:00 DEBUG 40808 --- [ecs-service] [           main] c.s.e.m.P.selectActivePackages           : ==> Parameters: 
2026-05-27T18:51:12.234+08:00 DEBUG 40808 --- [ecs-service] [           main] c.s.e.m.P.selectActivePackages           : <==      Total: 3
2026-05-27T18:51:12.234+08:00 DEBUG 40808 --- [ecs-service] [           main] c.s.e.m.P.selectActivePackages           : ==>  Preparing: SELECT * FROM ecs_package WHERE is_expired = 0 ORDER BY sort_order ASC
2026-05-27T18:51:12.234+08:00 DEBUG 40808 --- [ecs-service] [           main] c.s.e.m.P.selectActivePackages           : ==> Parameters: 
2026-05-27T18:51:12.235+08:00 DEBUG 40808 --- [ecs-service] [           main] c.s.e.m.P.selectActivePackages           : <==      Total: 3
2026-05-27T18:51:12.238+08:00  INFO 40808 --- [ecs-service] [           main] c.s.e.service.impl.EcsConfigServiceImpl  : 付费类型列表缓存未命中，构建数据
2026-05-27T18:51:12.241+08:00  INFO 40808 --- [ecs-service] [           main] c.s.e.service.impl.EcsConfigServiceImpl  : 带宽模式列表缓存未命中，构建数据
2026-05-27T18:51:12.242+08:00 DEBUG 40808 --- [ecs-service] [           main] c.s.e.service.impl.EcsConfigServiceImpl  : 镜像列表本地缓存命中, osCategory: null
2026-05-27T18:51:12.242+08:00 DEBUG 40808 --- [ecs-service] [           main] c.s.e.service.impl.EcsConfigServiceImpl  : 预装应用列表本地缓存命中
2026-05-27T18:51:12.242+08:00 DEBUG 40808 --- [ecs-service] [           main] c.s.e.service.impl.EcsConfigServiceImpl  : 推荐套餐列表本地缓存命中, packageCode: null
2026-05-27T18:51:12.242+08:00 DEBUG 40808 --- [ecs-service] [           main] c.s.e.service.impl.EcsConfigServiceImpl  : 付费类型列表本地缓存命中
2026-05-27T18:51:12.242+08:00 DEBUG 40808 --- [ecs-service] [           main] c.s.e.service.impl.EcsConfigServiceImpl  : 带宽模式列表本地缓存命中
2026-05-27T18:51:12.375+08:00  INFO 40808 --- [ecs-service] [           main] com.zaxxer.hikari.HikariDataSource       : HikariPool-8 - Shutdown initiated...
2026-05-27T18:51:12.376+08:00  INFO 40808 --- [ecs-service] [           main] com.zaxxer.hikari.HikariDataSource       : HikariPool-8 - Shutdown completed.
]]></system-out>
  </testcase>
  <testcase name="getBillingTypes_Success" classname="com.sustar.ecsservice.service.EcsServiceTest" time="0.709">
    <system-out><![CDATA[
  .   ____          _            __ _ _
 /\\ / ___'_ __ _ _(_)_ __  __ _ \ \ \ \
( ( )\___ | '_ | '_| | '_ \/ _` | \ \ \ \
 \\/  ___)| |_)| | | | | || (_| |  ) ) ) )
  '  |____| .__|_| |_|_| |_\__, | / / / /
 =========|_|==============|___/=/_/_/_/
 :: Spring Boot ::                (v3.2.5)

2026-05-27T18:51:12.394+08:00  INFO 40808 --- [ecs-service] [           main] c.s.ecsservice.service.EcsServiceTest    : Starting EcsServiceTest using Java 21.0.8 with PID 40808 (started by 20847 in C:\Users\20847\Desktop\cloud-platform\ecs-service)
2026-05-27T18:51:12.394+08:00 DEBUG 40808 --- [ecs-service] [           main] c.s.ecsservice.service.EcsServiceTest    : Running with Spring Boot v3.2.5, Spring v6.1.6
2026-05-27T18:51:12.394+08:00  INFO 40808 --- [ecs-service] [           main] c.s.ecsservice.service.EcsServiceTest    : No active profile set, falling back to 1 default profile: "default"
2026-05-27T18:51:12.459+08:00  INFO 40808 --- [ecs-service] [           main] .s.d.r.c.RepositoryConfigurationDelegate : Multiple Spring Data modules found, entering strict repository configuration mode
2026-05-27T18:51:12.459+08:00  INFO 40808 --- [ecs-service] [           main] .s.d.r.c.RepositoryConfigurationDelegate : Bootstrapping Spring Data Redis repositories in DEFAULT mode.
2026-05-27T18:51:12.464+08:00  INFO 40808 --- [ecs-service] [           main] .s.d.r.c.RepositoryConfigurationDelegate : Finished Spring Data repository scanning in 3 ms. Found 0 Redis repository interfaces.
2026-05-27T18:51:12.473+08:00  WARN 40808 --- [ecs-service] [           main] o.m.s.mapper.ClassPathMapperScanner      : Skipping MapperFactoryBean with name 'appMapper' and 'com.sustar.ecsservice.mapper.AppMapper' mapperInterface. Bean already defined with the same name!
2026-05-27T18:51:12.473+08:00  WARN 40808 --- [ecs-service] [           main] o.m.s.mapper.ClassPathMapperScanner      : Skipping MapperFactoryBean with name 'imageMapper' and 'com.sustar.ecsservice.mapper.ImageMapper' mapperInterface. Bean already defined with the same name!
2026-05-27T18:51:12.473+08:00  WARN 40808 --- [ecs-service] [           main] o.m.s.mapper.ClassPathMapperScanner      : Skipping MapperFactoryBean with name 'packageMapper' and 'com.sustar.ecsservice.mapper.PackageMapper' mapperInterface. Bean already defined with the same name!
2026-05-27T18:51:12.473+08:00  WARN 40808 --- [ecs-service] [           main] o.m.s.mapper.ClassPathMapperScanner      : Skipping MapperFactoryBean with name 'regionMapper' and 'com.sustar.ecsservice.mapper.RegionMapper' mapperInterface. Bean already defined with the same name!
2026-05-27T18:51:12.473+08:00  WARN 40808 --- [ecs-service] [           main] o.m.s.mapper.ClassPathMapperScanner      : No MyBatis mapper was found in '[com.sustar.ecsservice.mapper]' package. Please check your configuration.
2026-05-27T18:51:12.489+08:00  WARN 40808 --- [ecs-service] [           main] c.b.m.e.s.MybatisSqlSessionFactoryBean   : Property 'mapperLocations' was specified but matching resources are not found.
 _ _   |_  _ _|_. ___ _ |    _ 
| | |\/|_)(_| | |_\  |_)||_|_\ 
     /               |         
                        3.5.7 
2026-05-27T18:51:12.537+08:00  INFO 40808 --- [ecs-service] [           main] com.zaxxer.hikari.HikariDataSource       : HikariPool-9 - Starting...
2026-05-27T18:51:12.540+08:00  INFO 40808 --- [ecs-service] [           main] com.zaxxer.hikari.pool.HikariPool        : HikariPool-9 - Added connection com.mysql.cj.jdbc.ConnectionImpl@15364d8b
2026-05-27T18:51:12.540+08:00  INFO 40808 --- [ecs-service] [           main] com.zaxxer.hikari.HikariDataSource       : HikariPool-9 - Start completed.
2026-05-27T18:51:12.545+08:00  INFO 40808 --- [ecs-service] [           main] c.s.ecsservice.config.EcsConfigDataInit  : ecs_image表创建完成
2026-05-27T18:51:12.546+08:00  INFO 40808 --- [ecs-service] [           main] c.s.ecsservice.config.EcsConfigDataInit  : ecs_app表创建完成
2026-05-27T18:51:12.547+08:00  INFO 40808 --- [ecs-service] [           main] c.s.ecsservice.config.EcsConfigDataInit  : ecs_package表创建完成
2026-05-27T18:51:12.547+08:00 DEBUG 40808 --- [ecs-service] [           main] c.s.e.mapper.ImageMapper.selectList      : ==>  Preparing: SELECT id,image_name,os_category,os_version,description,is_expired,sort_order,is_default,is_free,created_at,updated_at FROM ecs_image
[...]
2026-05-27T18:51:15.178+08:00 DEBUG 40808 --- [ecs-service] [           main] c.s.e.mapper.ImageMapper.selectList      : ==>  Preparing: SELECT id,image_name,os_category,os_version,description,is_expired,sort_order,is_default,is_free,created_at,updated_at FROM ecs_image
2026-05-27T18:51:15.178+08:00 DEBUG 40808 --- [ecs-service] [           main] c.s.e.mapper.ImageMapper.selectList      : ==> Parameters: 
2026-05-27T18:51:15.179+08:00 DEBUG 40808 --- [ecs-service] [           main] c.s.e.mapper.ImageMapper.selectList      : <==      Total: 2
2026-05-27T18:51:15.179+08:00  INFO 40808 --- [ecs-service] [           main] c.s.ecsservice.config.EcsConfigDataInit  : 镜像表已有数据，跳过初始化
2026-05-27T18:51:15.180+08:00 DEBUG 40808 --- [ecs-service] [           main] c.s.e.mapper.AppMapper.selectList        : ==>  Preparing: SELECT id,app_name,app_code,icon,description,install_time,is_expired,sort_order,created_at,updated_at FROM ecs_app
2026-05-27T18:51:15.180+08:00 DEBUG 40808 --- [ecs-service] [           main] c.s.e.mapper.AppMapper.selectList        : ==> Parameters: 
2026-05-27T18:51:15.180+08:00 DEBUG 40808 --- [ecs-service] [           main] c.s.e.mapper.AppMapper.selectList        : <==      Total: 1
2026-05-27T18:51:15.180+08:00  INFO 40808 --- [ecs-service] [           main] c.s.ecsservice.config.EcsConfigDataInit  : 预装应用表已有数据，跳过初始化
2026-05-27T18:51:15.180+08:00 DEBUG 40808 --- [ecs-service] [           main] c.s.e.mapper.PackageMapper.selectList    : ==>  Preparing: SELECT id,package_name,package_code,description,icon,vcpus,memory,system_disk,bandwidth,price_month,is_recommended,sort_order,is_expired,created_at,updated_at FROM ecs_package
2026-05-27T18:51:15.180+08:00 DEBUG 40808 --- [ecs-service] [           main] c.s.e.mapper.PackageMapper.selectList    : ==> Parameters: 
2026-05-27T18:51:15.181+08:00 DEBUG 40808 --- [ecs-service] [           main] c.s.e.mapper.PackageMapper.selectList    : <==      Total: 3
2026-05-27T18:51:15.181+08:00  INFO 40808 --- [ecs-service] [           main] c.s.ecsservice.config.EcsConfigDataInit  : 推荐套餐表已有数据，跳过初始化
2026-05-27T18:51:15.194+08:00  INFO 40808 --- [ecs-service] [           main] c.s.e.service.impl.EcsConfigServiceImpl  : ECS配置Guava本地缓存初始化完成，过期时间: 5分钟
2026-05-27T18:51:15.195+08:00  INFO 40808 --- [ecs-service] [           main] c.s.e.s.impl.RegionCacheServiceImpl      : Guava本地缓存初始化完成，过期时间: 5分钟
2026-05-27T18:51:15.205+08:00  INFO 40808 --- [ecs-service] [           main] o.s.b.a.w.s.WelcomePageHandlerMapping    : Adding welcome page: class path resource [static/index.html]
2026-05-27T18:51:15.246+08:00  INFO 40808 --- [ecs-service] [           main] c.s.ecsservice.service.EcsServiceTest    : Started EcsServiceTest in 0.238 seconds (process running for 17.91)
2026-05-27T18:51:15.247+08:00 DEBUG 40808 --- [ecs-service] [           main] c.s.e.mapper.RegionMapper.selectCount    : ==>  Preparing: SELECT COUNT( * ) AS total FROM sys_common_region
2026-05-27T18:51:15.247+08:00 DEBUG 40808 --- [ecs-service] [           main] c.s.e.mapper.RegionMapper.selectCount    : ==> Parameters: 
2026-05-27T18:51:15.248+08:00 DEBUG 40808 --- [ecs-service] [           main] c.s.e.mapper.RegionMapper.selectCount    : <==      Total: 1
2026-05-27T18:51:15.248+08:00  INFO 40808 --- [ecs-service] [           main] c.s.ecsservice.config.RegionDataInit     : 地域表已有数据，跳过初始化
2026-05-27T18:51:15.730+08:00 DEBUG 40808 --- [ecs-service] [           main] c.s.e.service.impl.EcsConfigServiceImpl  : 带宽模式列表Redis缓存命中
2026-05-27T18:51:15.846+08:00  INFO 40808 --- [ecs-service] [           main] com.zaxxer.hikari.HikariDataSource       : HikariPool-12 - Shutdown initiated...
2026-05-27T18:51:15.848+08:00  INFO 40808 --- [ecs-service] [           main] com.zaxxer.hikari.HikariDataSource       : HikariPool-12 - Shutdown completed.
]]></system-out>
  </testcase>
  <testcase name="getApps_Success" classname="com.sustar.ecsservice.service.EcsServiceTest" time="0.615">
    <system-out><![CDATA[
  .   ____          _            __ _ _
 /\\ / ___'_ __ _ _(_)_ __  __ _ \ \ \ \
( ( )\___ | '_ | '_| | '_ \/ _` | \ \ \ \
 \\/  ___)| |_)| | | | | || (_| |  ) ) ) )
  '  |____| .__|_| |_|_| |_\__, | / / / /
 =========|_|==============|___/=/_/_/_/
 :: Spring Boot ::                (v3.2.5)

2026-05-27T18:51:15.861+08:00  INFO 40808 --- [ecs-service] [           main] c.s.ecsservice.service.EcsServiceTest    : Starting EcsServiceTest using Java 21.0.8 with PID 40808 (started by 20847 in C:\Users\20847\Desktop\cloud-platform\ecs-service)
2026-05-27T18:51:15.861+08:00 DEBUG 40808 --- [ecs-service] [           main] c.s.ecsservice.service.EcsServiceTest    : Running with Spring Boot v3.2.5, Spring v6.1.6
2026-05-27T18:51:15.861+08:00  INFO 40808 --- [ecs-service] [           main] c.s.ecsservice.service.EcsServiceTest    : No active profile set, falling back to 1 default profile: "default"
2026-05-27T18:51:15.929+08:00  INFO 40808 --- [ecs-service] [           main] .s.d.r.c.RepositoryConfigurationDelegate : Multiple Spring Data modules found, entering strict repository configuration mode
2026-05-27T18:51:15.929+08:00  INFO 40808 --- [ecs-service] [           main] .s.d.r.c.RepositoryConfigurationDelegate : Bootstrapping Spring Data Redis repositories in DEFAULT mode.
2026-05-27T18:51:15.932+08:00  INFO 40808 --- [ecs-service] [           main] .s.d.r.c.RepositoryConfigurationDelegate : Finished Spring Data repository scanning in 3 ms. Found 0 Redis repository interfaces.
2026-05-27T18:51:15.942+08:00  WARN 40808 --- [ecs-service] [           main] o.m.s.mapper.ClassPathMapperScanner      : Skipping MapperFactoryBean with name 'appMapper' and 'com.sustar.ecsservice.mapper.AppMapper' mapperInterface. Bean already defined with the same name!
2026-05-27T18:51:15.942+08:00  WARN 40808 --- [ecs-service] [           main] o.m.s.mapper.ClassPathMapperScanner      : Skipping MapperFactoryBean with name 'imageMapper' and 'com.sustar.ecsservice.mapper.ImageMapper' mapperInterface. Bean already defined with the same name!
2026-05-27T18:51:15.942+08:00  WARN 40808 --- [ecs-service] [           main] o.m.s.mapper.ClassPathMapperScanner      : Skipping MapperFactoryBean with name 'packageMapper' and 'com.sustar.ecsservice.mapper.PackageMapper' mapperInterface. Bean already defined with the same name!
2026-05-27T18:51:15.942+08:00  WARN 40808 --- [ecs-service] [           main] o.m.s.mapper.ClassPathMapperScanner      : Skipping MapperFactoryBean with name 'regionMapper' and 'com.sustar.ecsservice.mapper.RegionMapper' mapperInterface. Bean already defined with the same name!
2026-05-27T18:51:15.942+08:00  WARN 40808 --- [ecs-service] [           main] o.m.s.mapper.ClassPathMapperScanner      : No MyBatis mapper was found in '[com.sustar.ecsservice.mapper]' package. Please check your configuration.
2026-05-27T18:51:15.956+08:00  WARN 40808 --- [ecs-service] [           main] c.b.m.e.s.MybatisSqlSessionFactoryBean   : Property 'mapperLocations' was specified but matching resources are not found.
 _ _   |_  _ _|_. ___ _ |    _ 
| | |\/|_)(_| | |_\  |_)||_|_\ 
     /               |         
                        3.5.7 
2026-05-27T18:51:16.005+08:00  INFO 40808 --- [ecs-service] [           main] com.zaxxer.hikari.HikariDataSource       : HikariPool-13 - Starting...
2026-05-27T18:51:16.009+08:00  INFO 40808 --- [ecs-service] [           main] com.zaxxer.hikari.pool.HikariPool        : HikariPool-13 - Added connection com.mysql.cj.jdbc.ConnectionImpl@783a76d8
2026-05-27T18:51:16.009+08:00  INFO 40808 --- [ecs-service] [           main] com.zaxxer.hikari.HikariDataSource       : HikariPool-13 - Start completed.
2026-05-27T18:51:16.011+08:00  INFO 40808 --- [ecs-service] [           main] c.s.ecsservice.config.EcsConfigDataInit  : ecs_image表创建完成
2026-05-27T18:51:16.013+08:00  INFO 40808 --- [ecs-service] [           main] c.s.ecsservice.config.EcsConfigDataInit  : ecs_app表创建完成
2026-05-27T18:51:16.014+08:00  INFO 40808 --- [ecs-service] [           main] c.s.ecsservice.config.EcsConfigDataInit  : ecs_package表创建完成
2026-05-27T18:51:16.014+08:00 DEBUG 40808 --- [ecs-service] [           main] c.s.e.mapper.ImageMapper.selectList      : ==>  Preparing: SELECT id,image_name,os_category,os_version,description,is_expired,sort_order,is_default,is_free,created_at,updated_at FROM ecs_image
2026-05-27T18:51:16.015+08:00 DEBUG 40808 --- [ecs-service] [           main] c.s.e.mapper.ImageMapper.selectList      : ==> Parameters: 
2026-05-27T18:51:16.016+08:00 DEBUG 40808 --- [ecs-service] [           main] c.s.e.mapper.ImageMapper.selectList      : <==      Total: 2
2026-05-27T18:51:16.016+08:00  INFO 40808 --- [ecs-service] [           main] c.s.ecsservice.config.EcsConfigDataInit  : 镜像表已有数据，跳过初始化
2026-05-27T18:51:16.016+08:00 DEBUG 40808 --- [ecs-service] [           main] c.s.e.mapper.AppMapper.selectList        : ==>  Preparing: SELECT id,app_name,app_code,icon,description,install_time,is_expired,sort_order,created_at,updated_at FROM ecs_app
2026-05-27T18:51:16.016+08:00 DEBUG 40808 --- [ecs-service] [           main] c.s.e.mapper.AppMapper.selectList        : ==> Parameters: 
2026-05-27T18:51:16.017+08:00 DEBUG 40808 --- [ecs-service] [           main] c.s.e.mapper.AppMapper.selectList        : <==      Total: 1
2026-05-27T18:51:16.017+08:00  INFO 40808 --- [ecs-service] [           main] c.s.ecsservice.config.EcsConfigDataInit  : 预装应用表已有数据，跳过初始化
2026-05-27T18:51:16.017+08:00 DEBUG 40808 --- [ecs-service] [           main] c.s.e.mapper.PackageMapper.selectList    : ==>  Preparing: SELECT id,package_name,package_code,description,icon,vcpus,memory,system_disk,bandwidth,price_month,is_recommended,sort_order,is_expired,created_at,updated_at FROM ecs_package
2026-05-27T18:51:16.018+08:00 DEBUG 40808 --- [ecs-service] [           main] c.s.e.mapper.PackageMapper.selectList    : ==> Parameters: 
2026-05-27T18:51:16.018+08:00 DEBUG 40808 --- [ecs-service] [           main] c.s.e.mapper.PackageMapper.selectList    : <==      Total: 3
2026-05-27T18:51:16.018+08:00  INFO 40808 --- [ecs-service] [           main] c.s.ecsservice.config.EcsConfigDataInit  : 推荐套餐表已有数据，跳过初始化
2026-05-27T18:51:16.038+08:00  INFO 40808 --- [ecs-service] [           main] c.s.e.service.impl.EcsConfigServiceImpl  : ECS配置Guava本地缓存初始化完成，过期时间: 5分钟
2026-05-27T18:51:16.039+08:00  INFO 40808 --- [ecs-service] [           main] c.s.e.s.impl.RegionCacheServiceImpl      : Guava本地缓存初始化完成，过期时间: 5分钟
2026-05-27T18:51:16.056+08:00  INFO 40808 --- [ecs-service] [           main] o.s.b.a.w.s.WelcomePageHandlerMapping    : Adding welcome page: class path resource [static/index.html]
2026-05-27T18:51:16.096+08:00  INFO 40808 --- [ecs-service] [           main] c.s.ecsservice.service.EcsServiceTest    : Started EcsServiceTest in 0.247 seconds (process running for 18.76)
2026-05-27T18:51:16.097+08:00 DEBUG 40808 --- [ecs-service] [           main] c.s.e.mapper.RegionMapper.selectCount    : ==>  Preparing: SELECT COUNT( * ) AS total FROM sys_common_region
2026-05-27T18:51:16.097+08:00 DEBUG 40808 --- [ecs-service] [           main] c.s.e.mapper.RegionMapper.selectCount    : ==> Parameters: 
2026-05-27T18:51:16.099+08:00 DEBUG 40808 --- [ecs-service] [           main] c.s.e.mapper.RegionMapper.selectCount    : <==      Total: 1
2026-05-27T18:51:16.099+08:00  INFO 40808 --- [ecs-service] [           main] c.s.ecsservice.config.RegionDataInit     : 地域表已有数据，跳过初始化
2026-05-27T18:51:16.592+08:00 DEBUG 40808 --- [ecs-service] [           main] c.s.e.service.impl.EcsConfigServiceImpl  : 预装应用列表Redis缓存命中
2026-05-27T18:51:16.714+08:00  INFO 40808 --- [ecs-service] [           main] com.zaxxer.hikari.HikariDataSource       : HikariPool-13 - Shutdown initiated...
2026-05-27T18:51:16.715+08:00  INFO 40808 --- [ecs-service] [           main] com.zaxxer.hikari.HikariDataSource       : HikariPool-13 - Shutdown completed.
]]></system-out>
  </testcase>
  <testcase name="getImages_Success" classname="com.sustar.ecsservice.service.EcsServiceTest" time="0.635">
    <system-out><![CDATA[
  .   ____          _            __ _ _
 /\\ / ___'_ __ _ _(_)_ __  __ _ \ \ \ \
( ( )\___ | '_ | '_| | '_ \/ _` | \ \ \ \
 \\/  ___)| |_)| | | | | || (_| |  ) ) ) )
  '  |____| .__|_| |_|_| |_\__, | / / / /
 =========|_|==============|___/=/_/_/_/
 :: Spring Boot ::                (v3.2.5)

2026-05-27T18:51:16.727+08:00  INFO 40808 --- [ecs-service] [           main] c.s.ecsservice.service.EcsServiceTest    : Starting EcsServiceTest using Java 21.0.8 with PID 40808 (started by 20847 in C:\Users\20847\Desktop\cloud-platform\ecs-service)
2026-05-27T18:51:16.727+08:00 DEBUG 40808 --- [ecs-service] [           main] c.s.ecsservice.service.EcsServiceTest    : Running with Spring Boot v3.2.5, Spring v6.1.6
2026-05-27T18:51:16.727+08:00  INFO 40808 --- [ecs-service] [           main] c.s.ecsservice.service.EcsServiceTest    : No active profile set, falling back to 1 default profile: "default"
2026-05-27T18:51:16.793+08:00  INFO 40808 --- [ecs-service] [           main] .s.d.r.c.RepositoryConfigurationDelegate : Multiple Spring Data modules found, entering strict repository configuration mode
2026-05-27T18:51:16.793+08:00  INFO 40808 --- [ecs-service] [           main] .s.d.r.c.RepositoryConfigurationDelegate : Bootstrapping Spring Data Redis repositories in DEFAULT mode.
2026-05-27T18:51:16.797+08:00  INFO 40808 --- [ecs-service] [           main] .s.d.r.c.RepositoryConfigurationDelegate : Finished Spring Data repository scanning in 3 ms. Found 0 Redis repository interfaces.
2026-05-27T18:51:16.807+08:00  WARN 40808 --- [ecs-service] [           main] o.m.s.mapper.ClassPathMapperScanner      : Skipping MapperFactoryBean with name 'appMapper' and 'com.sustar.ecsservice.mapper.AppMapper' mapperInterface. Bean already defined with the same name!
2026-05-27T18:51:16.807+08:00  WARN 40808 --- [ecs-service] [           main] o.m.s.mapper.ClassPathMapperScanner      : Skipping MapperFactoryBean with name 'imageMapper' and 'com.sustar.ecsservice.mapper.ImageMapper' mapperInterface. Bean already defined with the same name!
2026-05-27T18:51:16.807+08:00  WARN 40808 --- [ecs-service] [           main] o.m.s.mapper.ClassPathMapperScanner      : Skipping MapperFactoryBean with name 'packageMapper' and 'com.sustar.ecsservice.mapper.PackageMapper' mapperInterface. Bean already defined with the same name!
2026-05-27T18:51:16.807+08:00  WARN 40808 --- [ecs-service] [           main] o.m.s.mapper.ClassPathMapperScanner      : Skipping MapperFactoryBean with name 'regionMapper' and 'com.sustar.ecsservice.mapper.RegionMapper' mapperInterface. Bean already defined with the same name!
2026-05-27T18:51:16.807+08:00  WARN 40808 --- [ecs-service] [           main] o.m.s.mapper.ClassPathMapperScanner      : No MyBatis mapper was found in '[com.sustar.ecsservice.mapper]' package. Please check your configuration.
2026-05-27T18:51:16.830+08:00  WARN 40808 --- [ecs-service] [           main] c.b.m.e.s.MybatisSqlSessionFactoryBean   : Property 'mapperLocations' was specified but matching resources are not found.
 _ _   |_  _ _|_. ___ _ |    _ 
| | |\/|_)(_| | |_\  |_)||_|_\ 
     /               |         
                        3.5.7 
2026-05-27T18:51:16.894+08:00  INFO 40808 --- [ecs-service] [           main] com.zaxxer.hikari.HikariDataSource       : HikariPool-14 - Starting...
2026-05-27T18:51:16.899+08:00  INFO 40808 --- [ecs-service] [           main] com.zaxxer.hikari.pool.HikariPool        : HikariPool-14 - Added connection com.mysql.cj.jdbc.ConnectionImpl@79e464a
2026-05-27T18:51:16.899+08:00  INFO 40808 --- [ecs-service] [           main] com.zaxxer.hikari.HikariDataSource       : HikariPool-14 - Start completed.
2026-05-27T18:51:16.902+08:00  INFO 40808 --- [ecs-service] [           main] c.s.ecsservice.config.EcsConfigDataInit  : ecs_image表创建完成
2026-05-27T18:51:16.904+08:00  INFO 40808 --- [ecs-service] [           main] c.s.ecsservice.config.EcsConfigDataInit  : ecs_app表创建完成
2026-05-27T18:51:16.906+08:00  INFO 40808 --- [ecs-service] [           main] c.s.ecsservice.config.EcsConfigDataInit  : ecs_package表创建完成
2026-05-27T18:51:16.907+08:00 DEBUG 40808 --- [ecs-service] [           main] c.s.e.mapper.ImageMapper.selectList      : ==>  Preparing: SELECT id,image_name,os_category,os_version,description,is_expired,sort_order,is_default,is_free,created_at,updated_at FROM ecs_image
2026-05-27T18:51:16.907+08:00 DEBUG 40808 --- [ecs-service] [           main] c.s.e.mapper.ImageMapper.selectList      : ==> Parameters: 
2026-05-27T18:51:16.908+08:00 DEBUG 40808 --- [ecs-service] [           main] c.s.e.mapper.ImageMapper.selectList      : <==      Total: 2
2026-05-27T18:51:16.908+08:00  INFO 40808 --- [ecs-service] [           main] c.s.ecsservice.config.EcsConfigDataInit  : 镜像表已有数据，跳过初始化
2026-05-27T18:51:16.908+08:00 DEBUG 40808 --- [ecs-service] [           main] c.s.e.mapper.AppMapper.selectList        : ==>  Preparing: SELECT id,app_name,app_code,icon,description,install_time,is_expired,sort_order,created_at,updated_at FROM ecs_app
2026-05-27T18:51:16.908+08:00 DEBUG 40808 --- [ecs-service] [           main] c.s.e.mapper.AppMapper.selectList        : ==> Parameters: 
2026-05-27T18:51:16.910+08:00 DEBUG 40808 --- [ecs-service] [           main] c.s.e.mapper.AppMapper.selectList        : <==      Total: 1
2026-05-27T18:51:16.910+08:00  INFO 40808 --- [ecs-service] [           main] c.s.ecsservice.config.EcsConfigDataInit  : 预装应用表已有数据，跳过初始化
2026-05-27T18:51:16.911+08:00 DEBUG 40808 --- [ecs-service] [           main] c.s.e.mapper.PackageMapper.selectList    : ==>  Preparing: SELECT id,package_name,package_code,description,icon,vcpus,memory,system_disk,bandwidth,price_month,is_recommended,sort_order,is_expired,created_at,updated_at FROM ecs_package
2026-05-27T18:51:16.911+08:00 DEBUG 40808 --- [ecs-service] [           main] c.s.e.mapper.PackageMapper.selectList    : ==> Parameters: 
2026-05-27T18:51:16.912+08:00 DEBUG 40808 --- [ecs-service] [           main] c.s.e.mapper.PackageMapper.selectList    : <==      Total: 3
2026-05-27T18:51:16.912+08:00  INFO 40808 --- [ecs-service] [           main] c.s.ecsservice.config.EcsConfigDataInit  : 推荐套餐表已有数据，跳过初始化
2026-05-27T18:51:16.925+08:00  INFO 40808 --- [ecs-service] [           main] c.s.e.service.impl.EcsConfigServiceImpl  : ECS配置Guava本地缓存初始化完成，过期时间: 5分钟
2026-05-27T18:51:16.926+08:00  INFO 40808 --- [ecs-service] [           main] c.s.e.s.impl.RegionCacheServiceImpl      : Guava本地缓存初始化完成，过期时间: 5分钟
2026-05-27T18:51:16.943+08:00  INFO 40808 --- [ecs-service] [           main] o.s.b.a.w.s.WelcomePageHandlerMapping    : Adding welcome page: class path resource [static/index.html]
2026-05-27T18:51:16.984+08:00  INFO 40808 --- [ecs-service] [           main] c.s.ecsservice.service.EcsServiceTest    : Started EcsServiceTest in 0.268 seconds (process running for 19.648)
2026-05-27T18:51:16.985+08:00 DEBUG 40808 --- [ecs-service] [           main] c.s.e.mapper.RegionMapper.selectCount    : ==>  Preparing: SELECT COUNT( * ) AS total FROM sys_common_region
2026-05-27T18:51:16.985+08:00 DEBUG 40808 --- [ecs-service] [           main] c.s.e.mapper.RegionMapper.selectCount    : ==> Parameters: 
2026-05-27T18:51:16.986+08:00 DEBUG 40808 --- [ecs-service] [           main] c.s.e.mapper.RegionMapper.selectCount    : <==      Total: 1
2026-05-27T18:51:16.986+08:00  INFO 40808 --- [ecs-service] [           main] c.s.ecsservice.config.RegionDataInit     : 地域表已有数据，跳过初始化
2026-05-27T18:51:17.497+08:00 DEBUG 40808 --- [ecs-service] [           main] c.s.e.service.impl.EcsConfigServiceImpl  : 镜像列表Redis缓存命中, osCategory: null
2026-05-27T18:51:17.620+08:00  INFO 40808 --- [ecs-service] [           main] com.zaxxer.hikari.HikariDataSource       : HikariPool-14 - Shutdown initiated...
2026-05-27T18:51:17.622+08:00  INFO 40808 --- [ecs-service] [           main] com.zaxxer.hikari.HikariDataSource       : HikariPool-14 - Shutdown completed.
]]></system-out>
  </testcase>
</testsuite>